QQQQQQQQQQQQQQQQ
7259
1 16
1 5
1 5
1 8
1 5
1 5
1 9
1 8
1 6
1 9
1 8
1 6
1 11
1 15
1 13
1 15
1 11
1 13
1 6
1 9
1 8
1 5
1 15
1 11
1 8
1 13
1 13
1 15
1 8
1 13
1 9
1 11
1 13
1 9
1 15
1 11
1 13
1 11
1 6
1 5
1 15
1 6
1 8
1 5
1 7
1 11
1 13
1 6
1 9
1 5
1 9
1 11
1 6
1 11
1 5
1 15
1 11
1 11
1 8
1 6
1 11
1 11
1 4
1 9
1 9
1 15
1 2
2 15
2 9
2 8
2 15
2 9
2 8
2 9
2 11
2 15
2 9
2 13
2 8
2 6
2 11
2 9
2 13
2 6
2 5
2 11
2 8
2 13
2 5
2 5
2 13
2 5
2 9
2 15
2 11
2 13
2 11
2 11
2 15
2 9
2 6
2 6
2 15
2 13
2 13
2 6
2 6
2 8
2 8
2 6
2 6
2 5
2 6
2 5
2 8
2 11
2 15
2 8
2 15
2 8
2 15
2 8
2 9
2 13
2 15
2 13
2 13
3 6
3 8
3 11
3 6
3 11
3 8
3 15
3 13
3 9
3 15
3 6
3 9
3 9
3 11
3 9
3 15
3 10
3 8
3 15
3 9
3 11
3 5
3 13
3 9
3 9
3 15
3 9
3 15
3 15
3 9
3 13
3 5
3 9
3 11
3 9
3 5
3 6
3 6
3 6
3 13
3 8
3 8
3 6
3 6
3 11
3 6
3 9
3 8
3 8
3 8
3 15
3 6
3 9
3 13
3 13
3 9
3 15
3 5
3 11
3 9
3 11
3 15
3 13
3 5
3 15
3 9
3 9
3 5
3 5
3 6
3 9
3 9
3 9
3 13
3 15
3 5
3 8
3 8
4 11
4 9
4 13
4 13
4 8
4 5
4 15
4 5
4 8
4 15
4 15
4 13
4 13
4 5
4 9
4 13
4 6
4 13
4 11
4 5
4 15
4 11
4 8
4 11
4 13
4 15
4 11
4 6
4 9
4 9
4 6
4 8
4 15
4 13
4 5
4 6
4 9
4 8
4 8
4 8
4 11
4 5
4 5
4 6
4 11
4 8
4 9
4 6
4 5
4 15
4 15
4 13
4 8
4 9
4 9
4 9
4 8
4 6
4 15
4 11
4 5
4 5
4 9
4 6
4 8
4 6
4 9
4 6
5 11
5 13
5 16
5 11
5 9
5 16
5 9
5 13
5 6
5 6
5 9
5 16
5 16
5 16
5 15
5 13
5 6
5 13
5 16
5 13
5 9
5 13
5 16
5 11
5 16
5 11
5 15
5 15
5 13
5 6
5 6
5 11
5 11
5 9
5 16
5 9
5 6
5 15
5 11
5 9
5 16
5 13
5 8
5 9
5 9
5 9
5 15
5 16
5 9
5 11
5 11
5 9
5 15
5 6
5 11
5 11
5 9
5 6
5 16
5 9
5 16
5 2
5 9
6 11
6 8
6 16
6 15
6 13
6 11
6 8
6 9
6 11
6 11
6 16
6 4
6 11
6 5
6 16
6 13
6 8
6 16
6 15
6 16
6 9
6 8
6 16
6 11
6 5
6 9
6 13
6 15
6 16
6 9
6 11
6 2
6 8
6 11
6 15
6 11
6 5
6 9
6 5
6 8
6 16
6 9
6 8
6 9
6 9
6 16
6 15
6 9
6 5
6 9
6 5
6 13
6 11
6 13
6 16
6 9
6 15
6 5
6 15
7 9
7 9
7 5
7 8
7 15
7 5
7 15
7 11
7 9
7 6
7 6
7 8
7 13
7 6
7 5
7 8
7 9
7 15
7 15
7 5
7 11
7 9
7 6
7 5
7 13
7 9
7 11
7 5
7 8
7 6
7 13
7 5
7 6
7 11
7 6
7 8
7 9
7 8
7 8
7 13
7 11
7 13
7 15
7 13
7 6
7 5
7 13
7 16
7 6
7 15
7 6
7 8
7 11
7 13
7 6
7 8
7 6
7 9
7 13
7 15
7 6
7 13
7 15
7 11
8 11
8 13
8 5
8 16
8 16
8 16
8 11
8 9
8 15
8 5
8 11
8 16
8 9
8 16
8 9
8 11
8 13
8 15
8 6
8 5
8 13
8 5
8 5
8 15
8 5
8 15
8 9
8 11
8 9
8 13
8 11
8 6
8 15
8 6
8 5
8 15
8 16
8 9
8 15
8 6
8 9
8 13
8 11
8 9
8 15
8 15
8 15
8 15
8 5
8 13
8 15
8 13
8 5
8 9
8 16
8 16
8 10
8 16
8 11
8 16
8 16
8 11
8 3
9 8
9 6
9 13
9 6
9 13
9 16
9 6
9 6
9 16
9 15
9 5
9 8
9 15
9 8
9 8
9 6
9 5
9 8
9 13
9 5
9 6
9 13
9 6
9 6
9 5
9 5
9 5
9 5
9 5
9 5
9 13
9 13
9 16
9 11
9 5
9 5
9 16
9 11
9 15
9 5
9 11
9 5
9 11
9 13
9 11
9 5
9 11
9 11
9 5
9 8
9 13
9 11
9 15
9 16
9 8
9 6
9 6
9 16
9 6
9 16
9 16
9 16
9 8
9 15
9 13
9 13
9 11
10 13
10 8
10 13
10 5
10 6
10 9
10 15
10 8
10 13
10 9
10 11
10 6
10 5
10 6
10 8
10 15
10 5
10 13
10 11
10 11
10 5
10 8
10 9
10 13
10 9
10 5
10 11
10 8
10 6
10 8
10 13
10 11
10 11
10 5
10 13
10 13
10 11
10 5
10 9
10 6
10 11
10 9
10 11
10 15
10 8
10 13
10 6
10 15
10 15
10 13
10 11
10 13
10 8
10 6
10 13
10 6
10 13
10 6
10 6
10 11
10 8
10 3
10 13
11 13
11 15
11 9
11 5
11 13
11 13
11 15
11 15
11 16
11 13
11 15
11 9
11 15
11 6
11 15
11 9
11 9
11 5
11 16
11 9
11 13
11 5
11 16
11 5
11 9
11 5
11 9
11 13
11 5
11 13
11 13
11 6
11 6
11 5
11 8
11 16
11 8
11 8
11 6
11 5
11 15
11 6
11 8
11 5
11 6
11 8
11 13
11 13
11 13
11 6
11 8
11 9
11 13
11 13
11 10
11 5
11 15
11 5
11 15
11 15
11 16
12 6
12 15
12 13
12 15
12 5
12 9
12 13
12 11
12 9
12 11
12 8
12 9
12 5
12 4
12 5
12 8
12 13
12 8
12 8
12 13
12 13
12 15
12 5
12 8
12 13
12 8
12 11
12 8
12 11
12 11
12 6
12 8
12 13
12 15
12 8
12 15
12 8
12 8
12 13
12 15
12 8
12 5
12 6
12 13
12 6
12 13
12 6
12 13
12 6
12 8
12 5
12 15
12 9
12 11
12 6
12 11
12 15
13 15
13 8
13 16
13 8
13 8
13 8
13 8
13 16
13 15
13 8
13 9
13 11
13 11
13 8
13 16
13 16
13 15
13 6
13 11
13 8
13 8
13 8
13 15
13 16
13 9
13 6
13 16
13 5
13 15
13 8
13 5
13 5
13 11
13 6
13 6
13 6
13 5
13 6
13 9
13 11
13 16
13 11
13 5
13 15
13 5
13 5
13 5
13 6
13 5
13 9
13 11
13 3
13 6
13 6
13 15
13 8
13 16
13 6
13 15
13 6
13 5
13 16
13 6
13 11
13 11
13 16
13 9
13 16
13 8
13 5
14 13
14 5
14 6
14 11
14 6
14 11
14 8
14 13
14 13
14 13
14 11
14 6
14 8
14 15
14 9
14 8
14 11
14 5
14 11
14 8
14 9
14 8
14 5
14 13
14 5
14 11
14 6
14 13
14 8
14 9
14 6
14 13
14 9
14 9
14 15
14 15
14 9
14 15
14 6
14 11
14 8
14 5
14 11
14 9
14 5
14 9
14 8
14 9
14 11
14 16
14 6
14 6
14 8
14 5
14 11
14 9
14 9
14 15
14 13
14 8
14 6
15 8
15 13
15 5
15 9
15 13
15 11
15 11
15 6
15 9
15 13
15 8
15 6
15 5
15 13
15 16
15 5
15 13
15 11
15 16
15 6
15 6
15 13
15 16
15 9
15 13
15 8
15 9
15 13
15 13
15 13
15 11
15 16
15 5
15 11
15 6
15 11
15 16
15 11
15 13
15 11
15 8
15 16
15 5
15 16
15 11
15 6
15 5
15 9
15 6
15 6
15 6
15 8
15 11
15 11
15 8
15 16
15 5
15 9
16 11
16 15
16 5
16 9
16 13
16 11
16 5
16 5
16 5
16 6
16 9
16 8
16 5
16 8
16 9
16 8
16 6
16 6
16 15
16 5
16 15
16 5
16 8
16 5
16 9
16 5
16 9
16 15
16 5
16 11
16 8
16 13
16 6
16 8
16 9
16 11
16 8
16 5
16 15
16 12
16 11
16 15
16 8
16 6
16 15
16 8
16 11
16 6
16 8
16 11
16 5
16 9
16 15
16 11
16 6
16 11
16 11
16 11
16 9
16 8
16 6
16 8
16 13
16 8
16 8
16 1
16 5
16 5
16 5
16 5
16 5
16 5
16 5
16 5
16 5
16 5
16 5
16 5
16 5
16 6
16 6
16 6
16 6
16 6
16 6
16 6
16 6
16 6
16 6
16 7
16 8
16 8
16 8
16 8
16 8
16 8
16 8
16 8
16 8
16 8
16 8
16 9
16 9
16 9
16 9
16 9
16 9
16 9
16 9
16 9
16 11
16 11
16 11
16 11
16 11
16 13
16 13
16 13
16 13
16 13
16 13
16 13
16 13
16 13
16 13
16 13
16 14
16 15
16 15
16 15
16 15
16 15
16 15
16 15
16 15
15 16
15 16
15 16
15 2
15 16
15 16
15 16
15 16
15 16
15 16
15 16
15 7
15 16
15 16
15 16
15 16
15 16
15 16
15 16
15 16
15 16
15 16
15 16
15 16
15 16
15 3
15 10
15 16
15 16
15 16
15 16
15 16
15 16
15 16
15 2
15 14
15 16
15 16
15 3
15 16
15 16
15 16
15 16
15 16
15 16
15 16
15 16
15 16
15 2
15 16
15 16
15 16
15 16
15 16
15 14
15 14
15 4
15 16
15 16
15 16
15 16
15 16
15 12
15 16
15 16
15 16
15 16
15 16
15 16
15 16
15 16
15 16
15 16
15 16
15 16
15 16
15 16
15 16
15 16
15 16
15 16
15 16
15 16
15 16
15 16
15 16
15 16
15 16
15 16
15 16
15 16
15 16
15 16
15 16
15 16
15 16
15 16
15 4
15 16
15 16
15 16
15 16
15 16
15 10
15 10
15 7
15 16
15 1
15 16
15 16
15 16
15 16
15 16
15 16
15 16
15 16
15 16
15 16
15 16
15 16
15 16
15 16
15 14
15 16
15 16
15 16
15 16
15 16
15 16
16 15
16 15
16 15
16 15
16 15
16 2
16 12
16 15
16 15
16 15
16 15
16 15
16 15
16 3
16 15
16 15
16 15
16 15
16 15
16 15
16 15
16 15
16 10
16 15
16 15
16 15
16 15
16 15
16 1
16 14
16 10
16 15
16 15
16 3
16 15
16 15
16 15
16 15
16 15
16 15
16 15
16 15
16 4
16 15
16 10
16 15
16 15
16 15
16 15
16 15
16 15
16 15
16 15
16 15
16 15
16 15
16 15
16 7
16 1
16 15
16 3
16 15
16 15
16 15
16 15
16 15
16 15
16 15
16 12
16 15
16 15
16 15
16 12
16 15
16 15
16 15
16 15
16 14
16 15
16 2
16 15
16 15
16 15
16 15
16 15
16 15
16 15
16 15
16 15
16 15
16 2
16 15
16 15
16 15
16 15
16 15
16 15
16 15
16 15
16 2
16 15
16 15
16 15
16 15
16 15
16 12
16 15
16 15
16 15
16 3
16 15
15 16
15 16
15 16
15 16
15 12
15 16
15 16
15 16
15 16
15 14
15 4
15 16
15 4
15 16
15 16
15 16
15 16
15 16
15 16
15 16
15 10
15 16
15 16
15 16
15 16
15 16
15 12
15 16
15 16
15 16
15 16
15 16
15 1
15 16
15 4
15 2
15 16
15 16
15 16
15 16
15 7
15 10
15 16
15 1
15 16
15 4
15 16
15 16
15 16
15 16
15 16
15 16
15 16
15 16
15 16
15 16
15 16
15 16
15 16
15 16
15 16
15 16
15 16
15 16
15 16
15 16
15 16
15 16
15 10
15 16
15 16
15 16
15 16
15 16
15 16
15 16
15 16
15 16
15 16
15 16
15 4
15 3
15 16
15 16
15 16
15 4
15 16
15 16
15 16
15 16
16 15
16 15
16 15
16 14
16 15
16 1
16 15
16 15
16 7
16 15
16 15
16 15
16 15
16 15
16 3
16 15
16 15
16 15
16 15
16 12
16 15
16 15
16 15
16 7
16 1
16 15
16 2
16 15
16 15
16 15
16 10
16 7
16 15
16 10
16 15
16 15
16 3
16 15
16 15
16 15
16 4
16 15
16 15
16 15
16 15
16 14
16 15
16 15
16 15
16 15
16 15
16 7
16 15
16 15
16 15
16 15
16 15
16 15
16 15
16 15
16 15
16 14
16 15
16 15
16 15
16 15
16 15
16 15
16 15
16 15
16 15
16 15
16 15
15 16
15 16
15 12
15 16
15 16
15 1
15 16
15 16
15 16
15 7
15 16
15 16
15 16
15 2
15 16
15 10
15 3
15 14
15 16
15 16
15 16
15 2
15 16
15 16
15 16
15 16
15 10
15 4
15 16
15 16
15 12
15 3
15 16
15 16
15 16
15 4
15 16
15 16
15 1
15 16
15 16
15 16
15 16
15 16
15 16
15 16
15 16
15 2
15 16
15 16
15 16
15 16
15 16
15 4
15 16
15 16
15 16
16 7
16 15
16 7
16 10
16 2
16 15
16 15
16 15
16 14
16 15
16 12
16 15
16 15
16 15
16 15
16 10
16 15
16 4
16 3
16 1
16 15
16 15
16 15
16 3
16 14
16 14
16 15
16 15
16 15
16 3
16 15
16 15
16 2
16 15
16 4
16 15
16 12
16 15
16 7
16 1
16 15
15 16
15 16
15 16
15 2
15 16
15 16
15 16
15 16
15 16
15 16
15 3
15 2
15 14
15 16
15 1
15 7
15 12
15 16
15 12
15 14
15 16
15 16
16 12
16 15
16 15
16 1
16 15
16 15
16 15
16 15
16 15
16 7
16 14
16 15
16 12
15 1
15 16
15 16
15 1
15 7
15 1
15 1
15 12
16 1
16 7
11 15
11 15
11 15
11 15
11 15
11 15
11 15
11 15
11 15
11 2
11 15
11 15
11 15
11 15
11 15
11 15
11 2
11 15
11 15
11 15
11 15
11 15
11 15
11 15
11 15
11 15
11 15
11 15
11 15
11 15
11 15
11 15
11 15
11 15
11 15
11 15
11 15
11 15
11 15
11 15
11 15
11 15
11 15
11 15
11 15
11 15
11 7
11 15
11 15
11 15
11 15
11 15
11 15
11 15
11 15
11 15
11 15
11 15
11 15
11 3
11 15
11 15
11 15
11 15
11 15
11 15
11 15
11 10
11 15
11 15
11 15
11 15
11 15
11 15
11 15
11 15
11 15
11 15
11 15
11 15
11 15
11 15
11 15
11 15
11 15
11 15
11 15
11 15
11 15
11 15
11 15
11 15
11 15
11 15
11 15
11 15
11 15
11 15
11 15
11 15
11 15
11 15
11 15
11 15
11 15
11 15
11 10
11 15
11 15
11 15
11 15
11 15
11 15
11 15
11 15
11 15
11 14
11 15
11 7
11 15
11 15
11 15
11 15
11 15
11 15
11 15
11 15
11 15
11 15
11 15
11 15
11 15
11 15
11 15
11 15
11 4
11 15
11 15
11 15
11 15
11 15
11 15
11 15
11 1
11 12
11 15
15 16
15 16
15 16
15 16
15 16
15 16
15 16
15 16
15 16
15 2
15 16
15 16
15 16
15 16
15 16
15 16
15 1
15 16
15 16
15 16
15 16
15 16
15 16
15 16
15 16
15 16
15 16
15 16
15 16
15 16
15 16
15 16
15 16
15 16
15 16
15 16
15 16
15 16
15 16
15 16
15 16
15 16
15 16
15 16
15 16
15 16
15 16
15 16
15 16
15 16
15 16
15 16
15 3
15 16
15 16
15 16
15 16
15 16
15 16
15 16
15 16
15 16
15 16
15 16
15 16
15 16
15 16
15 16
15 10
15 16
15 16
15 16
15 16
15 16
15 16
15 2
15 16
15 16
15 12
15 4
15 14
15 16
15 16
15 16
15 16
15 16
15 16
15 16
15 16
15 16
15 16
15 16
15 7
15 16
15 16
15 16
15 16
15 16
15 16
15 16
15 16
15 16
15 16
15 16
15 16
15 16
15 16
15 16
15 16
15 16
15 16
15 16
15 4
15 16
15 16
15 16
15 16
15 16
15 16
15 16
15 16
15 16
15 16
15 16
15 16
15 16
15 16
15 16
15 16
15 16
15 16
15 16
15 1
15 16
15 7
16 15
16 15
16 15
16 15
16 15
16 15
16 15
16 15
16 12
16 15
16 15
16 15
16 15
16 14
16 15
16 15
16 15
16 15
16 15
16 2
16 10
16 4
16 15
16 15
16 15
16 15
16 15
16 15
16 15
16 15
16 15
16 15
16 15
16 15
16 15
16 15
16 15
16 15
16 15
16 15
16 15
16 3
16 15
16 15
16 15
16 15
16 7
16 15
16 15
16 15
16 15
16 15
16 15
16 15
16 15
16 15
16 15
16 2
16 15
16 15
16 15
16 1
16 15
16 15
16 15
16 15
16 15
16 15
16 12
16 7
16 15
16 12
16 15
16 15
16 15
16 15
16 15
16 15
16 15
16 15
16 15
16 15
16 15
16 15
16 15
16 15
16 15
16 15
16 15
16 15
16 14
16 15
16 15
16 15
16 15
16 15
16 15
16 15
16 15
16 15
16 15
16 15
16 15
16 15
16 15
16 15
16 15
16 15
16 4
16 15
16 15
16 15
16 15
16 10
16 15
16 15
16 15
16 15
16 15
16 15
16 15
16 15
16 15
15 16
15 7
15 16
15 16
15 16
15 16
15 16
15 16
15 16
15 16
15 3
15 12
15 16
15 16
15 1
15 16
15 16
15 3
15 16
15 16
15 16
15 16
15 16
15 16
15 16
15 16
15 16
15 16
15 16
15 16
15 16
15 16
15 16
15 16
15 16
15 16
15 16
15 14
15 16
15 16
15 16
15 16
15 16
15 16
15 16
15 16
15 16
15 16
15 2
15 16
15 16
15 16
15 16
15 7
15 16
15 16
15 16
15 16
15 16
15 16
15 16
15 16
15 16
15 16
15 16
15 14
15 1
15 16
15 16
15 16
15 16
15 16
15 16
15 16
15 10
15 12
15 16
15 16
15 10
15 16
15 16
15 16
15 16
15 16
15 1
15 12
15 16
15 16
15 16
15 16
15 16
15 16
15 16
15 4
15 16
15 16
15 16
15 16
15 12
15 16
15 16
15 4
15 16
15 16
15 16
15 16
15 16
15 16
16 15
16 15
16 15
16 15
16 15
16 15
16 15
16 15
16 15
16 15
16 15
16 15
16 3
16 15
16 15
16 15
16 15
16 15
16 15
16 15
16 4
16 15
16 15
16 15
16 15
16 15
16 15
16 15
16 15
16 15
16 2
16 15
16 15
16 15
16 15
16 15
16 15
16 14
16 15
16 15
16 15
16 15
16 15
16 15
16 15
16 7
16 15
16 15
16 15
16 15
16 15
16 15
16 10
16 15
16 15
16 15
16 15
16 15
16 15
16 1
16 15
16 15
16 15
16 15
16 15
16 15
16 15
16 15
16 15
16 15
16 15
16 15
16 15
16 15
16 15
16 15
16 3
16 15
16 15
16 15
16 12
16 10
16 15
16 15
16 15
16 2
16 15
16 15
16 15
16 15
15 16
15 16
15 16
15 1
15 16
15 16
15 7
15 12
15 16
15 4
15 16
15 16
15 16
15 16
15 16
15 12
15 16
15 16
15 16
15 16
15 16
15 16
15 16
15 16
15 14
15 16
15 16
15 16
15 16
15 16
15 16
15 16
15 16
15 16
15 16
15 16
15 16
15 16
15 16
15 16
15 16
15 16
15 16
15 16
15 12
15 16
15 14
15 16
15 16
15 16
15 16
15 16
15 16
15 16
15 16
15 16
15 2
15 16
15 16
15 16
15 16
15 1
15 16
15 10
15 3
15 4
15 16
15 16
15 16
15 16
15 16
15 7
15 2
15 16
15 16
15 16
15 16
15 16
15 14
16 15
16 15
16 15
16 15
16 15
16 15
16 15
16 12
16 15
16 1
16 15
16 15
16 15
16 15
16 15
16 15
16 1
16 15
16 15
16 15
16 2
16 15
16 15
16 15
16 15
16 2
16 15
16 15
16 4
16 3
16 10
16 15
16 15
16 15
16 15
16 15
16 15
16 7
16 15
16 15
16 15
16 1
16 1
16 15
16 15
16 15
16 15
16 15
16 15
16 15
16 15
16 10
16 15
16 15
16 15
16 15
16 15
16 15
16 15
16 4
16 15
16 14
16 15
15 16
15 10
15 16
15 16
15 12
15 16
15 3
15 16
15 16
15 2
15 16
15 7
15 16
15 16
15 2
15 16
15 16
15 16
15 16
15 16
15 16
15 16
15 7
15 16
15 16
15 1
15 1
15 16
15 1
15 14
15 16
15 3
15 16
15 10
15 3
15 16
15 16
15 16
15 12
15 16
15 16
15 3
15 16
15 16
15 16
15 16
15 4
15 3
15 14
16 1
16 14
16 4
16 4
16 15
16 15
16 15
16 10
16 2
16 15
16 12
16 15
16 4
16 15
16 10
16 7
16 15
16 15
16 14
16 15
16 15
16 10
16 2
16 15
16 15
16 15
16 4
16 15
16 12
16 3
15 4
15 2
15 16
15 14
15 16
15 7
15 14
15 16
15 3
15 10
15 16
15 16
15 16
15 4
16 14
16 7
16 3
16 15
16 7
16 3
15 3
8 16
8 16
8 16
8 16
8 16
8 16
8 16
8 16
8 16
8 16
8 16
8 16
8 16
8 16
8 16
8 16
8 16
8 16
8 16
8 16
8 16
8 16
8 7
8 16
8 16
8 16
8 16
8 16
8 16
8 16
8 16
8 16
8 16
8 16
8 16
8 16
8 16
8 3
8 16
8 16
8 4
8 7
8 16
8 16
8 16
8 16
8 16
8 16
8 16
8 16
8 16
8 16
8 16
8 16
8 16
8 16
8 16
8 16
8 16
8 10
8 16
8 16
8 16
8 4
8 16
8 16
8 16
8 2
8 16
8 16
8 16
8 16
8 16
8 16
8 16
8 16
8 16
8 16
8 1
8 16
8 16
8 16
8 16
8 16
8 16
8 16
8 16
8 16
8 16
8 16
8 16
8 2
8 16
8 16
8 16
8 16
8 16
8 16
8 16
8 16
8 16
8 16
8 16
8 16
8 16
8 16
8 16
8 16
8 2
8 16
8 16
8 3
8 16
8 16
8 16
8 16
8 16
8 16
8 16
8 16
8 4
8 16
8 16
8 1
8 16
8 16
8 16
8 14
8 16
8 16
8 16
8 16
8 16
8 16
8 12
8 16
8 16
8 16
8 7
8 10
8 16
8 16
8 16
8 16
8 16
8 16
16 15
16 15
16 15
16 15
16 15
16 14
16 15
16 12
16 15
16 15
16 15
16 15
16 15
16 15
16 15
16 15
16 15
16 15
16 15
16 15
16 15
16 15
16 15
16 15
16 15
16 15
16 15
16 15
16 15
16 2
16 15
16 15
16 15
16 15
16 15
16 15
16 15
16 15
16 15
16 15
16 15
16 15
16 3
16 15
16 15
16 15
16 15
16 15
16 15
16 15
16 15
16 12
16 15
16 15
16 15
16 15
16 15
16 4
16 15
16 15
16 15
16 15
16 15
16 15
16 15
16 15
16 15
16 15
16 15
16 15
16 15
16 15
16 1
16 15
16 15
16 15
16 15
16 15
16 15
16 15
16 15
16 15
16 15
16 10
16 15
16 15
16 15
16 15
16 15
16 15
16 15
16 15
16 15
16 15
16 15
16 15
16 15
16 15
16 15
16 15
16 15
16 15
16 15
16 4
16 15
16 15
16 15
16 15
16 15
16 15
16 15
16 15
16 15
16 14
16 15
16 15
16 7
16 2
16 15
16 15
16 15
16 12
16 15
16 15
16 15
16 15
16 15
16 15
16 15
15 3
15 16
15 14
15 16
15 1
15 4
15 16
15 10
15 16
15 2
15 16
15 16
15 16
15 12
15 16
15 16
15 16
15 16
15 16
15 16
15 16
15 16
15 16
15 16
15 16
15 16
15 16
15 16
15 16
15 16
15 7
15 16
15 16
15 16
15 16
15 16
15 16
15 4
15 16
15 16
15 16
15 16
15 16
15 16
15 16
15 16
15 16
15 16
15 16
15 1
15 16
15 7
15 16
15 16
15 16
15 16
15 16
15 16
15 16
15 16
15 16
15 16
15 16
15 14
15 16
15 16
15 16
15 16
15 16
15 16
15 16
15 16
15 16
15 16
15 16
15 16
15 16
15 14
15 16
15 16
15 16
15 16
15 16
15 16
15 16
15 16
15 16
15 16
15 16
15 2
15 16
15 16
15 16
15 3
15 16
15 16
15 16
15 16
15 16
15 16
15 16
15 16
15 16
15 16
15 16
15 12
15 16
15 16
15 16
15 10
15 16
15 16
15 16
15 16
15 16
15 16
16 14
16 15
16 15
16 12
16 4
16 15
16 15
16 15
16 15
16 1
16 15
16 15
16 15
16 15
16 15
16 15
16 15
16 3
16 15
16 15
16 15
16 7
16 15
16 15
16 15
16 7
16 15
16 15
16 15
16 15
16 15
16 15
16 15
16 14
16 15
16 15
16 15
16 15
16 15
16 15
16 15
16 15
16 15
16 15
16 15
16 15
16 15
16 15
16 15
16 12
16 15
16 15
16 15
16 15
16 15
16 15
16 15
16 4
16 1
16 15
16 15
16 2
16 15
16 15
16 15
16 15
16 15
16 15
16 15
16 15
16 15
16 15
16 15
16 15
16 15
16 15
16 15
16 15
16 15
16 15
16 15
16 3
16 15
16 15
16 15
16 15
16 15
16 15
16 4
16 15
16 15
16 10
16 15
16 15
16 7
16 15
16 14
16 15
16 15
15 16
15 16
15 2
15 16
15 16
15 12
15 16
15 3
15 16
15 16
15 16
15 16
15 12
15 16
15 16
15 16
15 16
15 7
15 16
15 16
15 16
15 16
15 16
15 1
15 16
15 16
15 16
15 16
15 14
15 16
15 16
15 16
15 16
15 16
15 16
15 4
15 16
15 16
15 16
15 16
15 16
15 16
15 3
15 16
15 16
15 16
15 16
15 16
15 16
15 16
15 16
15 7
15 10
15 16
15 4
15 16
15 16
15 16
15 16
15 16
15 16
15 16
15 14
15 16
15 1
15 16
15 16
15 16
15 16
15 2
15 16
15 16
15 16
15 16
15 16
15 16
15 16
15 16
15 1
15 16
15 16
15 12
16 3
16 15
16 15
16 15
16 15
16 15
16 15
16 15
16 7
16 15
16 1
16 15
16 2
16 15
16 10
16 4
16 15
16 15
16 15
16 15
16 15
16 15
16 15
16 15
16 15
16 15
16 15
16 15
16 15
16 15
16 15
16 15
16 15
16 15
16 15
16 15
16 1
16 15
16 12
16 15
16 15
16 3
16 14
16 7
16 15
16 15
16 15
16 15
16 15
16 15
16 15
16 15
16 4
16 15
16 7
16 15
16 15
16 15
16 15
16 7
16 15
16 15
16 15
16 10
16 15
15 16
15 16
15 16
15 16
15 3
15 14
15 16
15 16
15 2
15 16
15 16
15 16
15 1
15 16
15 16
15 16
15 16
15 16
15 16
15 4
15 16
15 16
15 16
15 16
15 16
15 10
15 16
15 12
15 16
15 16
15 16
15 14
15 16
15 16
15 16
15 1
15 7
15 12
15 1
15 16
15 16
15 16
15 16
15 16
15 16
15 16
15 3
15 16
15 16
15 10
16 2
16 15
16 12
16 15
16 10
16 15
16 15
16 15
16 4
16 15
16 15
16 15
16 7
16 14
16 1
16 15
16 15
16 15
16 15
16 12
16 7
16 15
16 3
16 15
16 15
16 15
16 4
16 2
16 15
16 15
16 1
16 15
16 15
16 10
16 7
16 14
15 16
15 12
15 14
15 2
15 2
15 16
15 16
15 2
15 16
15 4
15 10
15 12
15 3
15 16
15 2
15 1
15 16
15 14
15 3
15 16
16 15
16 15
16 15
16 10
16 3
16 15
16 15
15 3
15 16
15 10
15 10
15 10
16 10
6 15
6 15
6 15
6 15
6 15
6 15
6 15
6 15
6 15
6 15
6 15
6 2
6 15
6 15
6 15
6 15
6 15
6 15
6 15
6 15
6 15
6 15
6 15
6 15
6 10
6 15
6 15
6 15
6 15
6 15
6 15
6 3
6 15
6 15
6 15
6 15
6 15
6 15
6 15
6 15
6 15
6 4
6 15
6 15
6 15
6 15
6 15
6 15
6 15
6 15
6 15
6 15
6 15
6 15
6 15
6 15
6 4
6 15
6 15
6 15
6 15
6 15
6 15
6 15
6 15
6 15
6 15
6 15
6 15
6 15
6 15
6 15
6 15
6 15
6 15
6 15
6 15
6 10
6 15
6 15
6 15
6 15
6 15
6 15
6 1
6 15
6 15
6 15
6 15
6 15
6 15
6 15
6 15
6 15
6 15
6 15
6 15
6 7
6 15
6 15
6 15
6 15
6 7
6 3
6 15
6 15
6 15
6 15
6 15
6 15
6 15
6 15
6 15
6 15
6 15
6 2
6 15
6 15
6 10
6 15
6 15
6 15
6 15
6 15
6 15
6 14
6 15
6 12
6 15
6 15
6 15
6 15
6 15
6 15
6 15
6 15
6 15
6 15
6 15
6 15
6 15
6 15
6 14
6 15
6 15
6 15
15 16
15 16
15 3
15 16
15 16
15 16
15 16
15 16
15 16
15 16
15 16
15 1
15 16
15 16
15 16
15 16
15 16
15 16
15 16
15 16
15 2
15 16
15 7
15 16
15 16
15 16
15 16
15 16
15 16
15 16
15 16
15 16
15 16
15 16
15 1
15 16
15 16
15 16
15 3
15 16
15 16
15 16
15 16
15 12
15 16
15 16
15 16
15 4
15 7
15 16
15 16
15 16
15 16
15 16
15 16
15 16
15 16
15 16
15 10
15 16
15 16
15 16
15 16
15 16
15 12
15 16
15 16
15 16
15 16
15 16
15 16
15 16
15 16
15 16
15 16
15 16
15 16
15 16
15 16
15 7
15 16
15 16
15 16
15 16
15 16
15 14
15 16
15 16
15 16
15 16
15 16
15 2
15 16
15 16
15 10
15 16
15 16
15 16
15 16
15 16
15 16
15 16
15 3
15 16
15 16
15 16
15 16
15 16
15 16
15 16
15 16
15 16
15 16
15 16
15 7
15 3
15 16
15 16
15 16
15 16
15 16
15 16
15 16
15 16
15 16
15 16
15 16
15 16
15 16
15 16
15 1
16 15
16 4
16 15
16 15
16 15
16 15
16 15
16 15
16 15
16 15
16 15
16 2
16 15
16 15
16 15
16 15
16 15
16 15
16 15
16 15
16 15
16 15
16 15
16 15
16 15
16 3
16 15
16 15
16 15
16 15
16 15
16 15
16 15
16 15
16 15
16 15
16 15
16 15
16 15
16 15
16 15
16 15
16 15
16 12
16 15
16 14
16 15
16 15
16 15
16 15
16 15
16 15
16 15
16 4
16 15
16 15
16 15
16 15
16 15
16 15
16 15
16 15
16 10
16 15
16 15
16 15
16 15
16 15
16 15
16 15
16 15
16 15
16 15
16 15
16 15
16 3
16 15
16 15
16 14
16 15
16 15
16 15
16 15
16 1
16 15
16 7
16 15
16 15
16 15
16 15
16 15
16 15
16 15
16 15
16 4
16 15
16 15
16 15
16 15
16 15
16 15
16 15
16 15
16 15
16 15
16 15
16 15
16 15
16 15
16 15
16 15
16 15
15 16
15 2
15 16
15 16
15 3
15 16
15 16
15 16
15 16
15 16
15 16
15 16
15 16
15 16
15 16
15 16
15 16
15 12
15 16
15 16
15 16
15 16
15 16
15 16
15 16
15 16
15 16
15 16
15 16
15 16
15 16
15 16
15 16
15 16
15 16
15 3
15 16
15 16
15 16
15 16
15 16
15 16
15 16
15 16
15 10
15 16
15 16
15 16
15 16
15 10
15 16
15 2
15 7
15 16
15 16
15 12
15 16
15 16
15 16
15 16
15 16
15 16
15 16
15 14
15 16
15 16
15 16
15 16
15 1
15 16
15 16
15 7
15 16
15 4
15 16
15 16
15 16
15 16
15 16
15 16
15 1
15 7
15 3
15 16
15 16
15 16
15 16
15 16
15 16
15 16
15 16
15 2
15 16
15 16
15 16
15 16
15 16
15 16
15 4
15 7
16 15
16 15
16 15
16 15
16 15
16 15
16 15
16 15
16 15
16 15
16 15
16 15
16 15
16 15
16 15
16 15
16 15
16 15
16 15
16 15
16 15
16 15
16 15
16 10
16 15
16 15
16 14
16 12
16 15
16 15
16 2
16 15
16 1
16 15
16 15
16 15
16 15
16 15
16 15
16 15
16 15
16 15
16 15
16 15
16 14
16 15
16 15
16 15
16 15
16 15
16 15
16 15
16 15
16 3
16 15
16 15
16 15
16 15
16 15
16 15
16 4
16 7
16 1
16 15
16 15
16 15
16 10
16 15
16 15
16 3
16 15
16 15
16 15
16 15
16 1
16 15
16 15
16 15
16 15
16 15
16 15
15 2
15 16
15 12
15 4
15 16
15 16
15 16
15 16
15 16
15 16
15 16
15 16
15 3
15 16
15 16
15 16
15 16
15 16
15 16
15 16
15 16
15 16
15 16
15 16
15 16
15 16
15 16
15 4
15 16
15 16
15 16
15 16
15 14
15 16
15 16
15 16
15 16
15 16
15 16
15 16
15 16
15 16
15 16
15 16
15 3
15 7
15 16
15 16
15 12
15 16
15 16
15 16
15 4
15 16
15 10
15 16
15 16
15 16
15 1
15 16
15 16
15 16
15 16
15 16
15 2
15 16
15 16
15 16
16 15
16 15
16 15
16 15
16 15
16 14
16 15
16 10
16 15
16 15
16 15
16 15
16 15
16 15
16 15
16 2
16 12
16 15
16 15
16 15
16 15
16 4
16 15
16 15
16 15
16 15
16 15
16 15
16 15
16 1
16 15
16 7
16 10
16 3
16 1
16 15
16 2
16 15
16 15
16 3
16 15
16 15
16 15
16 15
16 3
16 15
16 15
16 15
16 15
16 15
16 15
16 15
16 15
16 15
16 14
15 16
15 16
15 12
15 16
15 4
15 16
15 16
15 16
15 10
15 16
15 16
15 16
15 7
15 16
15 16
15 16
15 2
15 16
15 14
15 16
15 10
15 16
15 16
15 1
15 16
15 16
15 14
15 16
15 7
15 16
15 4
15 16
15 16
15 12
15 16
15 14
15 7
15 16
15 2
15 16
15 10
16 15
16 15
16 10
16 2
16 15
16 15
16 4
16 15
16 1
16 15
16 4
16 15
16 1
16 1
16 14
16 7
16 10
16 14
16 2
16 15
16 15
16 12
16 15
16 15
16 12
15 16
15 16
15 4
15 14
15 2
15 16
15 1
15 16
15 12
15 16
15 12
16 15
16 14
16 12
16 14
16 15
15 12
15 12
5 16
5 16
5 16
5 16
5 14
5 10
5 16
5 16
5 16
5 16
5 16
5 16
5 16
5 16
5 16
5 16
5 16
5 16
5 16
5 16
5 16
5 16
5 16
5 16
5 16
5 16
5 16
5 16
5 16
5 16
5 16
5 7
5 16
5 16
5 16
5 16
5 7
5 16
5 16
5 16
5 16
5 16
5 16
5 16
5 16
5 12
5 16
5 16
5 16
5 16
5 16
5 16
5 16
5 16
5 16
5 16
5 16
5 16
5 16
5 16
5 16
5 16
5 16
5 7
5 1
5 16
5 16
5 16
5 16
5 16
5 16
5 16
5 16
5 16
5 16
5 16
5 10
5 16
5 16
5 16
5 16
5 16
5 16
5 16
5 16
5 16
5 16
5 7
5 16
5 16
5 16
5 12
5 16
5 16
5 16
5 16
5 16
5 16
5 16
5 16
5 16
5 16
5 16
5 16
5 16
5 16
5 16
5 16
5 16
5 16
5 16
5 10
5 16
5 16
5 16
5 16
5 16
5 16
5 16
5 16
5 16
5 16
5 16
5 16
5 16
5 16
5 16
5 16
5 16
5 16
5 16
5 4
5 16
5 16
5 2
5 10
5 16
5 16
5 16
5 16
5 16
5 16
5 3
5 16
5 16
5 16
16 15
16 15
16 15
16 14
16 15
16 15
16 15
16 15
16 15
16 15
16 15
16 15
16 15
16 15
16 15
16 15
16 15
16 14
16 15
16 15
16 15
16 14
16 15
16 15
16 15
16 15
16 15
16 15
16 15
16 15
16 15
16 15
16 15
16 15
16 15
16 3
16 15
16 2
16 15
16 15
16 15
16 15
16 15
16 15
16 15
16 15
16 15
16 15
16 15
16 15
16 15
16 15
16 15
16 1
16 15
16 15
16 7
16 15
16 15
16 14
16 15
16 15
16 15
16 15
16 15
16 15
16 15
16 15
16 4
16 15
16 15
16 15
16 15
16 15
16 15
16 15
16 15
16 12
16 15
16 15
16 15
16 15
16 12
16 10
16 15
16 15
16 15
16 15
16 15
16 15
16 15
16 15
16 15
16 15
16 15
16 15
16 2
16 15
16 15
16 15
16 15
16 15
16 15
16 15
16 14
16 3
16 15
16 15
16 4
16 15
16 15
16 15
16 15
16 15
16 1
16 15
16 3
16 15
16 15
16 15
16 15
16 15
16 15
16 15
16 15
16 15
16 15
16 3
16 15
16 15
16 15
15 1
15 1
15 16
15 2
15 16
15 16
15 16
15 16
15 4
15 16
15 16
15 16
15 16
15 16
15 16
15 16
15 16
15 16
15 16
15 7
15 16
15 16
15 16
15 16
15 16
15 16
15 16
15 16
15 16
15 10
15 16
15 16
15 16
15 16
15 16
15 16
15 16
15 16
15 16
15 16
15 16
15 16
15 16
15 16
15 16
15 16
15 12
15 16
15 16
15 16
15 16
15 16
15 16
15 16
15 16
15 16
15 16
15 16
15 10
15 16
15 14
15 16
15 16
15 16
15 16
15 16
15 16
15 16
15 4
15 3
15 16
15 16
15 16
15 7
15 16
15 16
15 16
15 16
15 7
15 16
15 16
15 16
15 16
15 16
15 4
15 16
15 16
15 16
15 16
15 16
15 1
15 16
15 16
15 16
15 16
15 16
15 16
15 16
15 16
15 16
15 16
15 7
15 7
15 16
15 16
15 16
15 16
15 16
15 16
15 2
15 16
15 16
16 15
16 15
16 15
16 15
16 15
16 15
16 10
16 15
16 15
16 15
16 15
16 15
16 15
16 12
16 15
16 15
16 15
16 15
16 15
16 15
16 15
16 2
16 15
16 15
16 15
16 10
16 15
16 15
16 15
16 15
16 15
16 15
16 15
16 15
16 15
16 12
16 15
16 15
16 15
16 15
16 15
16 15
16 4
16 15
16 15
16 15
16 15
16 15
16 15
16 15
16 15
16 14
16 7
16 15
16 15
16 15
16 7
16 3
16 15
16 15
16 1
16 15
16 15
16 15
16 15
16 15
16 15
16 15
16 15
16 14
16 15
16 1
16 15
16 15
16 15
16 15
16 15
16 4
16 15
16 15
16 15
16 15
16 15
16 15
16 15
16 15
16 15
16 15
16 15
16 10
16 15
16 15
16 15
16 15
15 7
15 16
15 2
15 2
15 12
15 16
15 16
15 16
15 16
15 16
15 16
15 16
15 16
15 16
15 16
15 16
15 16
15 16
15 16
15 16
15 10
15 16
15 16
15 1
15 16
15 16
15 12
15 16
15 4
15 16
15 12
15 16
15 16
15 16
15 16
15 2
15 4
15 3
15 16
15 16
15 16
15 16
15 16
15 16
15 16
15 12
15 16
15 10
15 16
15 16
15 16
15 16
15 7
15 2
15 14
15 16
15 16
15 16
15 16
15 16
15 1
15 16
15 16
15 16
15 16
15 14
15 3
15 12
15 16
15 16
15 14
15 16
15 16
15 16
15 1
15 14
15 16
15 3
15 16
16 15
16 15
16 7
16 3
16 15
16 15
16 15
16 10
16 15
16 15
16 15
16 15
16 15
16 12
16 10
16 15
16 15
16 15
16 15
16 15
16 15
16 15
16 4
16 15
16 2
16 1
16 4
16 7
16 15
16 15
16 10
16 15
16 2
16 15
16 15
16 15
16 3
16 15
16 15
16 15
16 15
16 15
16 10
16 2
16 15
16 3
16 15
16 15
16 15
16 14
16 15
16 15
16 15
16 15
15 12
15 16
15 2
15 12
15 16
15 16
15 16
15 4
15 16
15 16
15 16
15 16
15 7
15 16
15 16
15 1
15 3
15 10
15 7
15 16
15 16
15 2
15 16
15 12
15 14
15 16
15 16
15 16
15 14
15 1
15 16
15 1
15 2
15 4
15 14
15 16
15 12
16 15
16 3
16 14
16 2
16 10
16 12
16 2
16 15
16 15
16 4
16 15
16 3
16 15
16 15
16 2
16 1
16 15
16 3
15 16
15 4
15 3
15 1
15 4
15 1
15 4
16 1
13 4
13 15
13 15
13 15
13 15
13 15
13 15
13 15
13 15
13 15
13 15
13 7
13 15
13 15
13 15
13 15
13 2
13 15
13 15
13 15
13 15
13 15
13 15
13 15
13 15
13 15
13 15
13 15
13 15
13 15
13 15
13 15
13 15
13 15
13 15
13 15
13 15
13 14
13 15
13 15
13 15
13 15
13 15
13 15
13 15
13 15
13 15
13 1
13 15
13 15
13 15
13 15
13 15
13 15
13 15
13 15
13 15
13 15
13 15
13 15
13 15
13 15
13 15
13 15
13 15
13 15
13 15
13 15
13 15
13 15
13 15
13 15
13 15
13 15
13 15
13 14
13 15
13 15
13 15
13 15
13 15
13 15
13 15
13 12
13 15
13 15
13 15
13 4
13 15
13 15
13 15
13 15
13 15
13 15
13 15
13 15
13 15
13 15
13 15
13 15
13 15
13 15
13 15
13 15
13 15
13 15
13 15
13 15
13 15
13 15
13 15
13 15
13 15
13 15
13 15
13 15
13 15
13 10
13 15
13 15
13 15
13 15
13 15
13 15
13 15
13 15
13 15
13 15
13 15
13 15
13 15
13 15
13 15
13 15
13 15
13 3
13 15
13 15
13 15
13 2
13 15
13 15
13 15
13 1
13 15
13 15
15 16
15 16
15 16
15 16
15 16
15 16
15 16
15 16
15 7
15 16
15 16
15 16
15 16
15 16
15 14
15 16
15 16
15 16
15 4
15 16
15 16
15 16
15 16
15 16
15 16
15 16
15 16
15 16
15 16
15 16
15 14
15 16
15 16
15 16
15 16
15 16
15 16
15 16
15 16
15 16
15 16
15 16
15 16
15 16
15 16
15 16
15 16
15 16
15 3
15 16
15 16
15 16
15 16
15 16
15 16
15 16
15 16
15 16
15 16
15 12
15 16
15 14
15 16
15 16
15 16
15 16
15 16
15 16
15 16
15 16
15 16
15 16
15 16
15 2
15 16
15 16
15 16
15 16
15 16
15 16
15 16
15 16
15 16
15 16
15 16
15 16
15 16
15 16
15 1
15 16
15 16
15 16
15 16
15 16
15 16
15 16
15 16
15 10
15 16
15 16
15 16
15 16
15 1
15 14
15 16
15 16
15 16
15 16
15 16
15 16
15 16
15 16
15 16
15 16
15 16
15 16
15 16
15 16
15 16
15 16
15 16
15 2
15 7
15 16
15 16
15 16
15 16
15 12
15 16
15 16
15 16
15 16
15 16
15 16
16 15
16 15
16 15
16 15
16 15
16 4
16 15
16 15
16 15
16 15
16 15
16 2
16 15
16 15
16 15
16 3
16 15
16 15
16 15
16 15
16 15
16 10
16 15
16 15
16 15
16 15
16 15
16 15
16 15
16 15
16 15
16 15
16 15
16 15
16 15
16 15
16 15
16 15
16 14
16 15
16 4
16 15
16 15
16 15
16 15
16 15
16 15
16 15
16 15
16 15
16 15
16 15
16 12
16 15
16 15
16 15
16 15
16 15
16 15
16 15
16 15
16 15
16 15
16 15
16 15
16 15
16 15
16 7
16 15
16 15
16 15
16 15
16 15
16 15
16 15
16 1
16 14
16 15
16 15
16 15
16 15
16 4
16 15
16 15
16 15
16 15
16 2
16 15
16 15
16 15
16 15
16 15
16 15
16 15
16 15
16 15
16 15
16 15
16 15
16 15
16 15
16 15
16 15
16 15
16 15
16 15
16 15
16 15
16 15
16 4
16 15
16 15
16 15
16 15
16 14
16 15
16 15
16 1
16 3
15 16
15 16
15 16
15 16
15 16
15 16
15 16
15 16
15 16
15 16
15 16
15 16
15 16
15 16
15 10
15 16
15 16
15 16
15 16
15 2
15 16
15 16
15 16
15 16
15 16
15 16
15 16
15 16
15 16
15 2
15 16
15 16
15 16
15 3
15 16
15 16
15 16
15 16
15 16
15 16
15 16
15 12
15 16
15 16
15 16
15 16
15 16
15 16
15 16
15 12
15 16
15 16
15 16
15 16
15 16
15 7
15 16
15 16
15 16
15 16
15 16
15 16
15 16
15 16
15 16
15 16
15 16
15 16
15 16
15 10
15 12
15 16
15 16
15 16
15 14
15 16
15 16
15 16
15 7
15 16
15 16
15 16
15 16
15 16
15 16
15 2
15 4
15 4
15 16
15 16
15 16
15 16
15 16
15 16
15 16
15 16
15 16
15 16
15 16
15 1
15 16
15 16
15 12
16 15
16 15
16 10
16 15
16 15
16 15
16 15
16 10
16 15
16 15
16 15
16 15
16 15
16 15
16 15
16 15
16 15
16 3
16 15
16 1
16 15
16 15
16 15
16 1
16 15
16 2
16 15
16 15
16 15
16 15
16 4
16 15
16 3
16 15
16 15
16 15
16 15
16 15
16 15
16 15
16 15
16 15
16 15
16 15
16 15
16 15
16 7
16 14
16 15
16 12
16 15
16 15
16 15
16 15
16 15
16 15
16 15
16 15
16 15
16 15
16 15
16 15
16 1
16 14
16 3
16 15
16 15
16 15
16 15
16 15
16 15
16 15
16 2
16 15
16 15
16 15
16 14
16 10
16 14
16 15
16 7
16 15
16 15
16 15
16 15
16 15
16 15
15 16
15 16
15 16
15 16
15 12
15 16
15 16
15 16
15 16
15 4
15 16
15 16
15 16
15 1
15 2
15 16
15 16
15 16
15 16
15 16
15 16
15 16
15 16
15 16
15 16
15 16
15 16
15 16
15 16
15 16
15 14
15 16
15 16
15 16
15 16
15 3
15 16
15 3
15 16
15 16
15 2
15 16
15 16
15 14
15 16
15 3
15 1
15 16
15 3
15 7
15 16
15 16
15 10
15 16
15 16
15 16
15 16
15 16
15 3
15 16
15 16
15 16
15 16
15 16
15 4
15 16
15 16
15 16
16 15
16 15
16 12
16 7
16 15
16 15
16 15
16 15
16 15
16 15
16 15
16 2
16 10
16 14
16 15
16 15
16 3
16 15
16 15
16 1
16 14
16 15
16 15
16 7
16 15
16 15
16 15
16 2
16 12
16 3
16 15
16 4
16 15
16 15
16 4
16 15
16 15
16 15
16 15
16 15
16 15
16 7
16 15
16 4
16 3
16 15
16 15
16 15
16 15
16 15
16 15
16 15
15 16
15 10
15 16
15 16
15 16
15 16
15 16
15 16
15 16
15 7
15 1
15 16
15 12
15 4
15 2
15 16
15 16
15 16
15 16
15 10
15 16
15 3
15 16
15 16
15 16
15 16
15 16
15 16
15 16
15 16
15 16
15 7
15 10
15 16
15 16
16 15
16 1
16 15
16 12
16 2
16 15
16 15
16 15
16 4
16 15
16 15
16 15
16 15
16 3
16 3
16 15
16 15
16 1
16 10
16 15
16 15
16 15
16 7
16 12
16 12
15 16
15 2
15 1
15 4
15 16
15 4
15 16
15 16
15 10
15 1
15 7
15 12
15 12
15 16
16 7
16 15
16 15
16 10
16 7
15 16
15 10
16 10
9 15
9 15
9 15
9 15
9 15
9 15
9 2
9 15
9 15
9 15
9 4
9 15
9 15
9 15
9 12
9 7
9 15
9 15
9 1
9 15
9 15
9 15
9 15
9 15
9 15
9 15
9 15
9 15
9 15
9 15
9 15
9 15
9 15
9 15
9 15
9 15
9 15
9 10
9 15
9 15
9 15
9 2
9 15
9 15
9 15
9 15
9 15
9 15
9 15
9 15
9 15
9 15
9 15
9 15
9 15
9 15
9 15
9 15
9 15
9 15
9 15
9 15
9 3
9 2
9 15
9 15
9 15
9 15
9 15
9 15
9 15
9 15
9 15
9 15
9 15
9 15
9 12
9 15
9 4
9 15
9 15
9 15
9 15
9 15
9 15
9 15
9 15
9 15
9 15
9 15
9 15
9 15
9 15
9 15
9 15
9 15
9 15
9 15
9 15
9 14
9 15
9 10
9 15
9 15
9 15
9 15
9 15
9 15
9 15
9 15
9 15
9 15
9 15
9 15
9 15
9 14
9 15
9 7
9 15
9 15
9 15
9 15
9 15
9 15
9 15
9 15
9 4
9 4
9 15
9 15
9 15
9 15
9 15
9 15
9 15
9 15
9 15
9 15
9 15
9 15
9 15
9 15
9 15
9 15
9 15
9 15
9 15
9 15
15 16
15 16
15 16
15 16
15 16
15 16
15 16
15 16
15 12
15 1
15 16
15 16
15 2
15 16
15 16
15 16
15 16
15 16
15 16
15 16
15 16
15 16
15 16
15 16
15 16
15 16
15 16
15 16
15 4
15 16
15 16
15 16
15 16
15 16
15 16
15 16
15 3
15 16
15 16
15 16
15 16
15 16
15 10
15 2
15 14
15 16
15 16
15 16
15 16
15 16
15 14
15 16
15 16
15 16
15 16
15 16
15 16
15 10
15 16
15 16
15 16
15 16
15 10
15 16
15 16
15 16
15 16
15 16
15 16
15 16
15 16
15 16
15 16
15 16
15 16
15 16
15 16
15 16
15 16
15 16
15 16
15 16
15 16
15 16
15 7
15 16
15 12
15 16
15 16
15 16
15 16
15 16
15 16
15 7
15 16
15 16
15 16
15 16
15 16
15 16
15 16
15 16
15 4
15 16
15 16
15 16
15 16
15 16
15 16
15 16
15 16
15 7
15 16
15 16
15 16
15 16
15 16
15 16
15 16
15 16
15 3
15 16
15 16
15 16
15 16
15 16
15 16
15 16
15 16
15 16
15 2
16 1
16 15
16 15
16 15
16 15
16 15
16 1
16 15
16 15
16 15
16 15
16 15
16 15
16 15
16 15
16 15
16 15
16 15
16 15
16 15
16 15
16 15
16 15
16 15
16 15
16 15
16 15
16 4
16 15
16 15
16 14
16 15
16 15
16 15
16 15
16 15
16 15
16 10
16 15
16 15
16 15
16 15
16 15
16 15
16 15
16 3
16 15
16 15
16 15
16 15
16 15
16 15
16 15
16 15
16 15
16 15
16 15
16 15
16 15
16 15
16 15
16 12
16 15
16 4
16 15
16 15
16 15
16 15
16 15
16 15
16 15
16 15
16 15
16 15
16 7
16 15
16 15
16 15
16 15
16 15
16 15
16 15
16 2
16 3
16 15
16 15
16 15
16 15
16 15
16 15
16 15
16 15
16 15
16 15
16 15
16 2
16 15
16 14
16 15
16 15
16 15
16 15
16 15
16 1
16 15
16 15
16 15
16 15
16 15
16 4
16 15
16 15
16 15
15 3
15 16
15 16
15 16
15 16
15 10
15 12
15 16
15 16
15 16
15 16
15 16
15 2
15 16
15 16
15 16
15 16
15 16
15 16
15 16
15 16
15 16
15 16
15 16
15 16
15 16
15 16
15 16
15 16
15 3
15 16
15 16
15 16
15 16
15 16
15 16
15 16
15 16
15 16
15 16
15 16
15 16
15 4
15 16
15 16
15 16
15 16
15 16
15 16
15 2
15 16
15 16
15 16
15 10
15 16
15 16
15 16
15 16
15 16
15 16
15 12
15 16
15 16
15 16
15 16
15 7
15 16
15 16
15 16
15 16
15 16
15 16
15 16
15 14
15 16
15 16
15 16
15 16
15 16
15 16
15 16
15 16
15 16
15 16
15 10
15 1
15 16
15 16
15 16
15 16
15 16
15 4
15 16
15 16
15 16
15 16
15 16
15 4
16 15
16 15
16 15
16 15
16 15
16 3
16 15
16 14
16 15
16 15
16 10
16 15
16 15
16 15
16 15
16 15
16 15
16 15
16 15
16 15
16 15
16 15
16 15
16 15
16 15
16 15
16 15
16 15
16 15
16 15
16 15
16 15
16 15
16 15
16 15
16 15
16 15
16 2
16 15
16 15
16 15
16 15
16 15
16 12
16 15
16 15
16 15
16 12
16 1
16 7
16 15
16 4
16 15
16 7
16 15
16 7
16 15
16 15
16 15
16 15
16 15
16 15
16 15
16 15
16 15
16 12
16 15
16 15
16 15
16 15
16 15
16 15
16 15
16 15
16 15
16 15
16 12
16 15
16 15
16 14
16 15
16 14
16 15
15 16
15 16
15 16
15 3
15 14
15 16
15 16
15 10
15 16
15 16
15 16
15 16
15 16
15 16
15 16
15 16
15 16
15 16
15 16
15 16
15 16
15 16
15 16
15 7
15 2
15 16
15 16
15 16
15 3
15 16
15 1
15 2
15 16
15 16
15 16
15 16
15 16
15 4
15 16
15 12
15 16
15 2
15 3
15 10
15 16
15 16
15 16
15 16
15 16
15 14
15 2
15 16
15 16
15 10
15 3
15 16
15 2
15 16
15 3
15 7
15 1
15 16
15 16
15 16
15 3
15 16
15 16
15 16
16 2
16 10
16 12
16 15
16 12
16 15
16 15
16 15
16 15
16 10
16 15
16 15
16 15
16 15
16 7
16 15
16 15
16 15
16 15
16 15
16 15
16 14
16 15
16 1
16 15
16 15
16 15
16 4
16 15
16 15
16 3
16 15
16 15
16 15
16 15
16 15
16 12
16 10
16 15
16 12
16 2
16 15
16 15
16 15
16 10
16 15
15 16
15 10
15 16
15 1
15 7
15 16
15 16
15 12
15 16
15 14
15 16
15 16
15 16
15 7
15 16
15 16
15 16
15 16
15 4
15 3
15 14
15 16
15 16
15 16
15 16
15 12
15 1
15 12
15 16
15 10
15 7
16 15
16 3
16 14
16 3
16 15
16 15
16 15
16 15
16 15
16 15
16 4
16 15
16 15
16 7
16 15
16 1
16 15
15 14
15 16
15 1
15 7
15 4
15 1
15 14
15 16
15 1
15 1
15 14
16 7
16 1
1 15
2 15
3 15
4 15
7 15
10 15
12 15
14 15
1 15
2 15
3 15
4 15
7 15
10 15
12 15
14 15
1 15
2 15
3 15
4 15
7 15
10 15
12 15
14 15
1 15
2 15
3 15
4 15
7 15
10 15
12 15
14 15
1 15
2 15
3 15
4 15
7 15
10 15
12 15
14 15
1 15
2 15
3 15
4 15
7 15
10 15
12 15
14 15
1 15
2 15
3 15
4 15
7 15
10 15
12 15
14 15
1 15
2 15
3 15
4 15
7 15
10 15
12 15
14 15
1 15
2 15
3 15
4 15
7 15
10 15
12 15
14 15
1 15
2 15
3 15
4 15
7 15
10 15
12 15
14 15
1 15
2 15
3 15
4 15
7 15
10 15
12 15
14 15
1 15
2 15
3 15
4 15
7 15
10 15
12 15
14 15
1 15
2 15
3 15
4 15
7 15
10 15
12 15
14 15
1 15
2 15
3 15
4 15
7 15
10 15
12 15
14 15
1 15
2 15
3 15
4 15
7 15
10 15
12 15
14 15
1 15
2 15
3 15
4 15
7 15
10 15
12 15
14 15
1 15
2 15
3 15
4 15
7 15
10 15
12 15
14 15
1 15
2 15
3 15
4 15
7 15
10 15
12 15
14 15
1 15
2 15
3 15
4 15
7 15
10 15
12 15
14 15
1 15
2 15
3 15
4 15
7 15
10 15
12 15
14 15
1 15
2 15
3 15
4 15
7 15
10 15
12 15
14 15
1 15
2 15
3 15
4 15
7 15
10 15
12 15
14 15
1 15
2 15
3 15
4 15
7 15
10 15
12 15
14 15
1 15
2 15
3 15
4 15
7 15
10 15
12 15
14 15
1 15
2 15
3 15
4 15
7 15
10 15
12 15
14 15
1 15
2 15
3 15
4 15
7 15
10 15
12 15
14 15
1 15
2 15
3 15
4 15
7 15
10 15
12 15
14 15
1 15
2 15
3 15
4 15
7 15
10 15
12 15
14 15
1 15
2 15
3 15
4 15
7 15
10 15
12 15
14 15
1 15
2 15
3 15
4 15
7 15
10 15
12 15
14 15
1 15
2 15
3 15
4 15
7 15
10 15
12 15
14 15
1 15
2 15
3 15
4 15
7 15
10 15
12 15
14 15
1 15
2 15
3 15
4 15
7 15
10 15
12 15
14 15
1 15
2 15
3 15
4 15
7 15
10 15
12 15
14 15
1 15
2 15
3 15
4 15
7 15
10 15
12 15
14 15
1 15
2 15
3 15
4 15
7 15
10 15
12 15
14 15
1 15
2 15
3 15
4 15
7 15
10 15
12 15
14 15
1 15
2 15
3 15
4 15
7 15
10 15
12 15
14 15
1 15
2 15
3 15
4 15
7 15
10 15
12 15
14 15
1 15
2 15
3 15
4 15
7 15
10 15
12 15
14 15
1 15
2 15
3 15
4 15
7 15
10 15
12 15
14 15
1 15
2 15
3 15
4 15
7 15
10 15
12 15
14 15
1 15
2 15
3 15
4 15
7 15
10 15
12 15
14 15
1 15
2 15
3 15
4 15
7 15
10 15
12 15
14 15
1 15
2 15
3 15
4 15
7 15
10 15
12 15
14 15
1 15
2 15
3 15
4 15
7 15
10 15
12 15
14 15
1 15
2 15
3 15
4 15
7 15
10 15
12 15
14 15
1 15
2 15
3 15
4 15
7 15
10 15
12 15
14 15
1 15
2 15
3 15
4 15
7 15
10 15
12 15
14 15
1 15
2 15
3 15
4 15
7 15
10 15
12 15
14 15
1 15
2 15
3 15
4 15
7 15
10 15
12 15
14 15
1 15
2 15
3 15
4 15
7 15
10 15
12 15
14 15
1 15
2 15
3 15
4 15
7 15
10 15
12 15
14 15
1 15
2 15
3 15
4 15
7 15
10 15
12 15
14 15
1 15
2 15
3 15
4 15
7 15
10 15
12 15
14 15
1 15
2 15
3 15
4 15
7 15
10 15
12 15
14 15
1 15
2 15
3 15
4 15
7 15
10 15
12 15
14 15
1 15
2 15
3 15
4 15
7 15
10 15
12 15
14 15
1 15
2 15
3 15
4 15
7 15
10 15
12 15
14 15
1 15
2 15
3 15
4 15
7 15
10 15
12 15
14 15
1 15
2 15
3 15
4 15
7 15
10 15
12 15
14 15
1 15
2 15
3 15
4 15
7 15
10 15
12 15
14 15
1 15
2 15
3 15
4 15
7 15
10 15
12 15
14 15
1 15
2 15
3 15
4 15
7 15
10 15
12 15
14 15
1 15
2 15
3 15
4 15
7 15
10 15
12 15
14 15
1 15
2 15
3 15
4 15
7 15
10 15
12 15
14 15
1 15
2 15
3 15
4 15
7 15
10 15
12 15
14 15
1 15
2 15
3 15
4 15
7 15
10 15
12 15
14 15
1 15
2 15
3 15
4 15
7 15
10 15
12 15
14 15
1 15
2 15
3 15
4 15
7 15
10 15
12 15
14 15
1 15
2 15
3 15
4 15
7 15
10 15
12 15
14 15
1 15
2 15
3 15
4 15
7 15
10 15
12 15
14 15
1 15
2 15
3 15
4 15
7 15
10 15
12 15
14 15
1 15
2 15
3 15
4 15
7 15
10 15
12 15
14 15
1 15
2 15
3 15
4 15
7 15
10 15
12 15
14 15
1 15
2 15
3 15
4 15
7 15
10 15
12 15
14 15
1 15
2 15
3 15
4 15
7 15
10 15
12 15
14 15
1 15
2 15
3 15
4 15
7 15
10 15
12 15
14 15
1 15
2 15
3 15
4 15
7 15
10 15
12 15
14 15
1 15
2 15
3 15
4 15
7 15
10 15
12 15
14 15
1 15
2 15
3 15
4 15
7 15
10 15
12 15
14 15
1 15
2 15
3 15
4 15
7 15
10 15
12 15
14 15
1 15
2 15
3 15
4 15
7 15
10 15
12 15
14 15
1 15
2 15
3 15
4 15
7 15
10 15
12 15
14 15
1 15
2 15
3 15
4 15
7 15
10 15
12 15
14 15
1 15
2 15
3 15
4 15
7 15
10 15
12 15
14 15
1 15
2 15
3 15
4 15
7 15
10 15
12 15
14 15
1 15
2 15
3 15
4 15
7 15
10 15
12 15
14 15
1 15
2 15
3 15
4 15
7 15
10 15
12 15
14 15
1 15
2 15
3 15
4 15
7 15
10 15
12 15
14 15
1 15
2 15
3 15
4 15
7 15
10 15
12 15
14 15
1 15
2 15
3 15
4 15
7 15
10 15
12 15
14 15
1 15
2 15
3 15
4 15
7 15
10 15
12 15
14 15
1 15
2 15
3 15
4 15
7 15
10 15
12 15
14 15
1 15
2 15
3 15
4 15
7 15
10 15
12 15
14 15
1 15
2 15
3 15
4 15
7 15
10 15
12 15
14 15
1 15
2 15
3 15
4 15
7 15
10 15
12 15
14 15
1 15
2 15
3 15
4 15
7 15
10 15
12 15
14 15
1 15
2 15
3 15
4 15
7 15
10 15
12 15
14 15
1 15
2 15
3 15
4 15
7 15
10 15
12 15
14 15
1 15
2 15
3 15
4 15
7 15
10 15
12 15
14 15
1 15
2 15
3 15
4 15
7 15
10 15
12 15
14 15
1 15
2 15
3 15
4 15
7 15
10 15
12 15
14 15
1 15
2 15
3 15
4 15
7 15
10 15
12 15
14 15
1 15
2 15
3 15
4 15
7 15
10 15
12 15
14 15
1 15
2 15
3 15
4 15
7 15
10 15
12 15
14 15
1 15
2 15
3 15
4 15
7 15
10 15
12 15
14 15
1 15
2 15
3 15
4 15
7 15
10 15
12 15
14 15
1 15
2 15
3 15
4 15
7 15
10 15
12 15
14 15
1 15
2 15
3 15
4 15
7 15
10 15
12 15
14 15
1 15
2 15
3 15
4 15
7 15
10 15
12 15
14 15
1 15
2 15
3 15
4 15
7 15
10 15
12 15
14 15
1 15
2 15
3 15
4 15
7 15
10 15
12 15
14 15
1 15
2 15
3 15
4 15
7 15
10 15
12 15
14 15
1 15
2 15
3 15
4 15
7 15
10 15
12 15
14 15
1 15
2 15
3 15
4 15
7 15
10 15
12 15
14 15
1 15
2 15
3 15
4 15
7 15
10 15
12 15
14 15
1 15
2 15
3 15
4 15
7 15
10 15
12 15
14 15
1 15
2 15
3 15
4 15
7 15
10 15
12 15
14 15
1 15
2 15
3 15
4 15
7 15
10 15
12 15
14 15
1 15
2 15
3 15
4 15
7 15
10 15
12 15
14 15
1 15
2 15
3 15
4 15
7 15
10 15
12 15
14 15
1 15
2 15
3 15
4 15
7 15
10 15
12 15
14 15
1 15
2 15
3 15
4 15
7 15
10 15
12 15
14 15
1 15
2 15
3 15
4 15
7 15
10 15
12 15
14 15
1 15
2 15
3 15
4 15
7 15
10 15
12 15
14 15
1 15
2 15
3 15
4 15
7 15
10 15
12 15
14 15
1 15
2 15
3 15
4 15
7 15
10 15
12 15
14 15
