QQQQQQQQQQQQQQQQQQQQQQQQQQQQQQQQ
4072
1 32
1 20
1 32
1 23
1 23
1 20
1 20
1 13
1 32
1 20
1 10
1 13
1 13
1 6
1 17
1 28
1 32
1 17
1 7
1 23
1 32
1 32
1 7
1 28
1 7
1 6
1 23
1 7
1 23
1 6
1 13
1 17
1 17
1 21
1 13
1 13
1 7
1 10
1 10
1 23
1 7
1 32
1 28
1 21
1 10
1 32
1 21
1 10
1 32
1 13
1 20
1 32
1 13
1 13
1 20
1 13
1 6
1 13
1 10
1 28
1 6
1 10
1 28
1 32
1 20
1 17
1 17
1 23
1 32
1 17
1 13
1 21
1 10
1 17
1 17
1 23
1 32
1 32
1 32
1 32
1 17
1 21
1 13
1 28
1 6
1 20
1 17
1 17
1 23
1 17
1 28
1 10
1 28
1 17
1 21
1 23
1 17
1 13
1 10
1 23
1 7
1 32
1 32
1 13
1 20
1 20
1 21
1 17
1 21
1 10
1 17
1 10
1 7
1 10
1 10
1 13
1 23
1 21
1 21
1 13
1 32
1 17
1 21
1 32
1 23
1 6
1 28
1 7
1 13
1 10
1 20
1 7
1 23
1 7
1 13
1 7
1 10
1 20
1 28
1 23
1 28
1 32
1 10
1 10
1 6
1 13
1 21
1 32
1 21
1 7
1 6
1 32
1 7
1 32
1 7
1 13
1 21
1 32
1 6
1 6
1 21
1 7
1 20
1 13
1 17
1 10
1 23
1 10
1 20
1 28
1 6
1 20
1 21
1 7
1 32
1 28
1 21
1 17
1 17
1 21
1 28
1 13
1 32
1 23
1 6
1 20
1 28
1 20
1 20
1 28
1 23
1 7
1 32
1 6
1 20
1 23
1 17
1 7
1 13
1 6
1 20
1 13
1 21
1 20
1 20
1 20
1 13
1 7
1 28
1 21
1 10
1 21
1 20
1 20
1 32
1 13
1 17
1 10
1 7
1 23
1 10
1 20
1 6
1 20
1 21
1 21
1 13
1 6
1 17
1 28
1 28
1 23
1 23
1 28
1 10
1 28
1 32
1 7
1 23
1 7
1 7
1 28
1 17
1 10
1 13
1 17
1 6
1 21
1 17
1 21
1 7
1 17
1 6
1 13
1 23
1 21
1 17
1 21
1 23
1 20
1 17
1 7
1 28
1 28
1 7
1 28
1 23
1 17
1 7
1 28
1 7
1 21
1 13
1 7
1 20
1 32
1 32
1 13
1 23
1 10
1 28
1 21
1 17
1 6
1 23
1 28
1 28
1 21
1 32
1 10
1 10
1 10
1 13
1 17
1 7
1 17
1 21
1 28
1 13
1 21
1 6
1 13
1 7
1 13
1 28
1 13
1 21
1 10
1 13
1 17
1 13
1 13
1 7
1 13
1 32
1 17
1 20
1 6
1 6
1 32
1 21
1 20
1 20
1 23
1 23
1 13
1 6
1 20
1 17
1 6
1 6
1 13
1 32
1 20
1 21
1 13
1 6
1 23
1 20
1 32
1 23
1 7
1 13
1 6
1 21
1 6
1 10
1 7
1 23
1 17
1 20
1 32
1 21
1 32
1 10
1 10
1 28
1 10
1 32
1 21
1 28
1 7
1 28
1 7
1 20
1 7
1 23
1 21
1 17
1 10
1 6
1 17
1 17
1 20
1 28
1 21
1 13
1 6
1 20
1 7
1 21
1 7
1 10
1 23
1 7
1 23
1 23
1 6
1 20
1 20
1 7
1 17
1 23
1 28
1 32
1 20
1 32
1 23
1 21
1 21
1 32
1 13
1 17
1 17
1 6
1 7
1 17
1 10
1 20
1 6
1 7
1 28
1 6
1 23
1 28
1 6
1 7
1 6
1 17
1 13
1 10
1 10
1 20
1 32
1 6
1 10
1 20
1 7
1 20
1 32
1 20
1 10
1 7
1 20
1 13
1 32
1 7
1 10
1 13
1 7
1 20
1 20
1 17
1 28
1 13
1 6
1 7
1 7
1 23
1 6
1 28
1 28
1 32
1 10
1 23
1 13
1 28
1 21
1 20
1 28
1 28
1 32
1 10
1 13
1 32
1 7
1 28
1 28
1 10
1 23
1 32
1 7
1 13
1 17
1 32
1 6
1 20
1 20
1 32
1 17
1 13
1 20
1 32
1 28
1 21
1 32
1 10
1 10
1 13
1 20
1 20
1 20
1 20
1 17
1 13
1 23
1 6
1 20
1 21
1 20
1 32
1 28
1 7
1 13
1 20
1 10
1 17
1 17
1 13
1 28
1 10
1 21
1 6
1 23
1 6
1 23
1 21
1 23
1 10
1 21
1 28
1 7
1 10
1 23
1 6
1 7
1 20
1 6
1 7
1 6
1 17
1 17
1 20
1 17
1 7
1 7
1 13
1 32
1 10
1 28
1 17
1 13
1 10
1 21
1 17
1 10
1 21
1 17
1 28
1 10
1 17
1 10
1 32
1 21
1 6
1 32
1 10
1 32
1 32
1 7
1 28
1 21
1 7
1 7
1 6
1 7
1 7
1 21
1 7
1 21
1 17
1 7
1 21
1 32
1 7
1 6
1 13
1 20
1 21
1 28
1 17
1 6
1 23
1 13
1 20
1 21
1 6
1 17
1 23
1 6
1 13
1 6
1 17
1 13
1 6
1 21
1 23
1 20
1 10
1 20
1 17
1 6
1 10
1 17
1 10
1 23
1 28
1 6
1 10
1 32
1 17
1 13
1 28
1 32
1 28
1 6
1 10
1 17
1 7
1 17
1 28
1 13
1 10
1 7
1 32
1 32
1 20
1 10
1 28
1 6
1 20
1 21
1 28
1 13
1 7
1 32
1 21
1 20
1 23
1 6
1 23
1 21
1 10
1 10
1 10
1 32
1 10
1 20
1 32
1 10
1 20
1 20
1 10
1 32
1 6
1 6
1 21
1 13
1 17
1 21
1 23
1 28
1 21
1 17
1 17
1 21
1 6
1 10
1 32
1 28
1 13
1 28
1 6
1 28
1 6
1 28
1 28
1 21
1 21
1 20
1 6
1 23
1 7
1 23
1 28
1 23
1 17
1 13
1 20
1 32
1 13
1 23
1 32
1 7
1 7
1 7
1 7
1 20
1 23
1 21
1 10
1 23
1 28
1 10
1 21
1 20
1 23
1 10
1 6
1 21
1 6
1 10
1 23
1 10
1 32
1 23
1 23
1 7
1 6
1 21
1 23
1 17
1 21
1 23
1 23
1 20
1 28
1 6
1 32
1 7
1 7
1 17
1 21
1 28
1 23
1 7
1 13
1 7
1 32
1 32
1 17
1 28
1 20
1 28
1 17
1 7
1 23
1 6
1 6
1 17
1 6
1 7
1 6
1 21
1 13
1 7
1 28
1 28
1 32
1 13
1 28
1 21
1 17
1 6
1 6
1 6
1 21
1 7
1 23
1 23
1 23
1 10
1 10
1 23
1 10
1 28
1 6
1 10
1 6
1 23
1 13
1 28
1 28
1 32
1 13
1 23
1 32
1 10
1 6
1 23
1 23
1 21
1 6
1 17
1 6
1 7
1 23
1 6
1 32
1 17
1 21
1 17
1 23
1 32
1 13
1 20
1 17
1 13
1 28
1 21
1 10
1 32
1 6
1 10
1 17
1 6
1 17
1 28
1 32
1 28
1 10
1 10
1 6
1 32
1 13
1 28
1 6
1 28
1 17
1 13
1 20
1 10
1 10
1 28
1 28
1 6
1 23
1 17
1 10
1 20
1 6
1 20
1 23
1 6
1 10
1 6
1 13
1 32
1 13
1 13
1 17
1 17
1 20
1 10
1 32
1 17
1 23
1 28
1 13
1 21
1 28
1 13
1 10
1 23
1 20
1 13
1 28
1 20
1 20
1 6
1 20
1 32
1 17
1 7
1 13
1 13
1 7
1 7
1 20
1 20
1 23
1 17
1 6
1 17
1 28
1 13
1 32
1 17
1 13
1 13
1 32
1 10
1 28
1 6
1 23
1 6
1 17
1 20
1 23
1 6
1 13
1 21
1 7
1 20
1 7
1 13
1 28
1 28
1 32
1 21
1 17
1 21
1 32
1 13
1 7
1 10
1 32
1 28
1 21
1 21
1 28
1 20
1 10
1 28
1 21
1 7
1 32
1 23
1 21
1 28
1 21
1 20
1 13
1 6
1 28
1 28
1 13
1 10
1 7
1 13
1 17
1 10
1 28
1 17
1 23
1 21
1 23
1 23
1 28
1 28
1 10
1 23
1 21
1 7
1 7
1 21
1 13
1 6
1 23
1 20
1 32
1 21
1 10
1 20
1 21
1 20
1 13
1 13
1 13
1 21
1 32
1 21
1 28
1 28
1 32
1 7
1 21
1 7
1 7
1 10
1 23
1 21
1 6
1 32
1 17
1 23
1 17
1 20
1 32
1 23
1 28
1 20
1 6
1 7
1 20
1 20
1 32
1 20
1 23
1 7
1 6
1 10
1 10
1 32
1 23
1 21
1 21
1 28
1 6
1 23
1 10
1 17
1 17
1 23
1 17
1 23
1 7
1 7
1 21
1 28
1 23
1 32
1 32
1 21
10 31
10 31
10 31
10 31
10 31
10 31
10 31
10 31
10 31
10 31
10 31
10 31
10 31
10 31
10 5
10 31
10 31
10 31
10 29
10 31
10 31
10 31
10 31
10 31
10 31
10 31
10 31
10 31
10 14
10 31
10 12
10 31
10 31
10 18
10 31
10 31
10 31
10 31
10 16
10 31
10 2
10 31
10 31
10 31
10 31
10 31
10 31
10 2
10 31
10 31
10 16
10 31
10 15
10 15
10 27
10 31
10 18
10 31
10 31
10 31
10 31
10 26
10 1
10 8
10 31
10 31
10 4
10 29
10 31
10 25
10 18
10 31
10 31
10 11
10 14
10 31
10 31
10 30
10 31
10 27
10 31
10 22
10 19
10 29
10 31
10 31
10 2
10 31
10 2
10 31
10 31
10 3
10 30
10 24
10 31
10 9
10 31
10 12
10 31
10 31
10 5
10 31
31 10
31 10
31 10
31 10
31 10
31 15
31 10
31 10
31 10
31 10
31 1
31 10
31 10
31 10
31 10
31 1
31 10
31 16
31 10
31 3
31 24
31 15
31 12
31 18
31 19
31 5
31 22
31 10
31 14
31 10
31 5
31 4
31 26
31 25
31 18
31 10
31 10
31 10
31 22
31 12
31 14
31 8
31 9
31 10
31 24
31 26
31 11
31 27
31 30
31 10
31 10
31 11
31 2
31 29
31 10
31 10
31 22
31 11
31 10
31 12
31 10
31 16
31 16
31 10
31 10
31 10
31 1
10 5
10 25
10 31
10 31
10 1
10 25
10 8
10 4
10 15
10 27
10 30
10 26
10 9
10 3
10 19
10 19
10 22
10 14
10 24
10 3
10 31
10 26
10 24
10 8
10 11
10 19
10 4
10 31
10 9
10 3
31 4
31 25
31 8
31 9
21 10
21 10
21 10
21 10
21 10
21 10
21 11
21 10
21 10
21 10
21 10
21 10
21 29
21 10
21 10
21 10
21 10
21 22
21 10
21 10
21 18
21 10
21 26
21 10
21 10
21 10
21 10
21 8
21 10
21 10
21 10
21 10
21 10
21 10
21 10
21 10
21 30
21 10
21 26
21 10
21 10
21 10
21 11
21 10
21 10
21 10
21 10
21 10
21 1
21 27
21 10
21 10
21 10
21 10
21 4
21 19
21 10
21 30
21 10
21 10
21 27
21 10
21 16
21 10
21 10
21 10
21 5
21 10
21 14
21 10
21 24
21 10
21 10
21 10
21 10
21 26
21 10
21 10
21 10
21 18
21 10
21 10
21 15
21 1
21 25
21 10
21 18
21 5
21 10
21 10
21 10
21 12
21 10
21 24
21 25
21 9
21 10
21 29
21 10
21 10
21 3
21 2
10 21
10 21
10 21
10 21
10 22
10 27
10 21
10 19
10 21
10 21
10 21
10 2
10 11
10 21
10 25
10 21
10 21
10 12
10 21
10 14
10 12
10 8
10 21
10 21
10 21
10 19
10 21
10 21
10 30
10 11
10 25
10 27
10 4
10 21
10 21
10 26
10 21
10 21
10 21
10 16
10 9
10 21
10 21
10 21
10 14
10 21
10 19
10 22
10 24
10 21
10 21
10 1
10 21
10 3
10 9
10 5
10 24
10 18
10 29
10 27
10 15
10 30
10 18
10 21
10 4
10 21
10 21
10 30
10 2
21 10
21 3
21 10
21 22
21 14
21 16
21 8
21 16
21 12
21 22
21 11
21 9
21 10
21 10
21 1
21 15
21 5
21 19
21 12
21 14
21 10
21 15
21 15
21 4
21 10
21 10
21 8
21 3
21 29
21 2
21 4
21 3
10 16
10 9
10 5
10 1
10 8
10 2
10 29
17 21
17 21
17 21
17 21
17 21
17 21
17 21
17 26
17 21
17 2
17 21
17 16
17 21
17 29
17 21
17 21
17 21
17 21
17 21
17 21
17 21
17 21
17 21
17 22
17 5
17 21
17 21
17 21
17 21
17 1
17 21
17 21
17 21
17 21
17 21
17 21
17 21
17 21
17 21
17 21
17 14
17 25
17 21
17 21
17 21
17 21
17 21
17 21
17 27
17 11
17 21
17 12
17 21
17 2
17 21
17 25
17 21
17 21
17 21
17 21
17 21
17 21
17 21
17 21
17 1
17 21
17 1
17 21
17 21
17 19
17 21
17 18
17 3
17 21
17 21
17 12
17 21
17 21
17 29
17 25
17 21
17 15
17 24
17 30
17 21
17 21
17 21
17 8
17 12
17 21
17 21
17 21
17 21
17 21
17 21
17 9
17 21
17 21
17 4
17 21
17 16
17 19
21 26
21 17
21 17
21 17
21 16
21 4
21 17
21 30
21 5
21 11
21 15
21 17
21 22
21 19
21 14
21 17
21 30
21 17
21 17
21 17
21 17
21 17
21 17
21 4
21 4
21 18
21 17
21 14
21 27
21 3
21 9
21 16
21 30
21 17
21 17
21 17
21 4
21 25
21 2
21 17
21 17
21 17
21 17
21 1
21 8
21 14
21 5
21 15
21 12
21 17
21 22
21 1
21 17
21 25
21 3
21 29
21 17
21 24
21 17
21 17
21 11
21 17
21 17
21 8
21 17
21 26
21 17
21 27
21 17
21 29
21 19
17 21
17 14
17 21
17 30
17 2
17 9
17 21
17 9
17 18
17 18
17 5
17 12
17 16
17 27
17 24
17 21
17 22
17 26
17 15
17 11
17 9
17 3
17 21
17 8
17 29
17 5
17 27
17 3
17 26
17 8
21 2
21 15
21 24
21 11
21 24
23 17
23 17
23 17
23 14
23 17
23 24
23 9
23 17
23 29
23 29
23 22
23 17
23 17
23 17
23 17
23 16
23 17
23 17
23 17
23 17
23 18
23 17
23 17
23 17
23 17
23 17
23 17
23 17
23 17
23 14
23 5
23 5
23 17
23 25
23 17
23 22
23 3
23 17
23 27
23 17
23 17
23 17
23 18
23 17
23 17
23 17
23 17
23 17
23 24
23 17
23 17
23 17
23 17
23 29
23 8
23 17
23 17
23 26
23 3
23 17
23 22
23 14
23 15
23 17
23 17
23 17
23 17
23 17
23 8
23 17
23 25
23 17
23 5
23 17
23 17
23 17
23 27
23 17
23 17
23 17
23 17
23 17
23 17
23 17
23 17
23 17
23 1
23 17
23 18
23 17
23 19
23 15
23 30
23 22
23 4
23 11
23 26
23 5
23 12
23 15
23 9
23 2
17 29
17 14
17 27
17 16
17 27
17 23
17 23
17 5
17 9
17 24
17 25
17 23
17 19
17 23
17 22
17 15
17 23
17 23
17 18
17 23
17 23
17 23
17 9
17 23
17 23
17 23
17 23
17 12
17 23
17 30
17 23
17 3
17 23
17 8
17 23
17 16
17 2
17 23
17 23
17 2
17 23
17 26
17 3
17 1
17 23
17 23
17 11
17 25
17 3
17 18
17 24
17 29
17 19
17 23
17 23
17 16
17 27
17 23
17 23
17 4
23 17
23 17
23 9
23 25
23 30
23 1
23 26
23 8
23 19
23 12
23 19
23 12
23 17
23 26
23 17
23 30
23 11
23 2
23 17
23 24
23 1
23 12
23 4
23 8
23 2
23 4
17 4
17 11
17 11
17 30
17 1
13 23
13 23
13 23
13 23
13 23
13 3
13 30
13 23
13 23
13 23
13 23
13 23
13 23
13 23
13 27
13 29
13 23
13 22
13 23
13 30
13 23
13 23
13 23
13 23
13 23
13 23
13 23
13 25
13 14
13 23
13 15
13 23
13 25
13 23
13 9
13 23
13 5
13 23
13 23
13 23
13 23
13 23
13 23
13 23
13 23
13 3
13 23
13 15
13 23
13 23
13 23
13 23
13 23
13 29
13 23
13 1
13 1
13 23
13 23
13 23
13 8
13 23
13 23
13 23
13 23
13 16
13 23
13 23
13 5
13 23
13 29
13 1
13 26
13 14
13 23
13 23
13 24
13 22
13 23
13 23
13 23
13 23
13 9
13 11
13 23
13 12
13 23
13 23
13 23
13 18
13 23
13 19
13 2
13 1
13 5
13 23
13 4
13 27
13 23
13 25
13 23
13 23
23 13
23 13
23 13
23 24
23 13
23 13
23 3
23 13
23 13
23 13
23 2
23 30
23 13
23 13
23 13
23 13
23 13
23 13
23 13
23 13
23 26
23 13
23 13
23 13
23 14
23 13
23 13
23 15
23 13
23 16
23 13
23 26
23 22
23 25
23 13
23 29
23 12
23 13
23 8
23 29
23 13
23 19
23 1
23 4
23 13
23 27
23 24
23 13
23 13
23 11
23 13
23 14
23 13
23 13
23 9
23 13
23 5
23 15
23 13
23 18
23 18
23 24
23 3
23 13
23 13
13 8
13 19
13 2
13 23
13 23
13 27
13 23
13 30
13 23
13 23
13 5
13 26
13 24
13 12
13 11
13 27
13 18
13 25
13 30
13 22
13 4
13 16
13 14
13 11
13 2
13 26
13 8
13 23
13 19
13 15
13 3
13 9
13 4
13 2
13 18
13 16
23 19
23 22
23 4
23 8
23 12
23 16
20 13
20 13
20 13
20 13
20 12
20 13
20 13
20 13
20 13
20 13
20 13
20 13
20 13
20 13
20 13
20 13
20 15
20 15
20 13
20 13
20 13
20 13
20 13
20 13
20 13
20 13
20 26
20 13
20 13
20 13
20 13
20 13
20 27
20 1
20 13
20 13
20 13
20 13
20 13
20 13
20 13
20 13
20 13
20 13
20 12
20 13
20 13
20 13
20 13
20 13
20 29
20 13
20 15
20 13
20 24
20 16
20 30
20 19
20 18
20 13
20 13
20 13
20 13
20 13
20 13
20 13
20 14
20 22
20 13
20 2
20 13
20 13
20 13
20 13
20 26
20 13
20 11
20 8
20 13
20 13
20 13
20 1
20 13
20 13
20 3
20 13
20 13
20 13
20 25
20 13
20 13
20 13
20 19
20 12
20 13
20 13
20 4
20 9
20 13
20 5
20 13
20 13
13 20
13 20
13 20
13 20
13 30
13 2
13 16
13 27
13 20
13 8
13 4
13 8
13 20
13 18
13 20
13 19
13 20
13 20
13 20
13 20
13 20
13 20
13 20
13 20
13 20
13 20
13 20
13 14
13 29
13 15
13 8
13 20
13 20
13 20
13 20
13 20
13 20
13 5
13 15
13 11
13 1
13 22
13 30
13 24
13 22
13 12
13 25
13 22
13 9
13 20
13 20
13 24
13 9
13 20
13 25
13 18
13 26
13 27
13 26
13 11
13 26
13 19
13 3
13 12
13 20
13 20
13 18
13 20
13 2
13 20
13 9
13 24
13 20
13 30
20 16
20 27
20 19
20 4
20 13
20 16
20 13
20 13
20 11
20 13
20 5
20 14
20 29
20 18
20 13
20 1
20 1
20 27
20 22
20 2
20 29
20 16
20 25
20 4
20 24
20 3
20 14
20 9
20 30
20 3
20 29
20 5
13 3
13 14
13 11
13 2
13 25
32 20
32 20
32 20
32 20
32 20
32 30
32 20
32 20
32 20
32 16
32 20
32 16
32 20
32 20
32 22
32 20
32 16
32 20
32 18
32 4
32 20
32 22
32 20
32 5
32 20
32 20
32 20
32 19
32 4
32 22
32 20
32 20
32 30
32 20
32 20
32 16
32 24
32 20
32 27
32 20
32 20
32 27
32 4
32 20
32 26
32 20
32 2
32 20
32 14
32 20
32 20
32 20
32 20
32 20
32 20
32 20
32 2
32 20
32 20
32 20
32 20
32 20
32 20
32 11
32 9
32 22
32 20
32 8
32 20
32 3
32 20
32 26
32 20
32 1
32 20
32 20
32 20
32 20
32 15
32 20
32 4
32 2
32 29
32 20
32 20
32 16
32 20
32 27
32 20
32 25
32 22
32 18
32 20
32 2
32 20
32 20
32 24
32 19
32 20
32 12
32 26
32 20
20 32
20 32
20 32
20 30
20 32
20 32
20 4
20 32
20 32
20 29
20 12
20 5
20 32
20 14
20 19
20 9
20 32
20 32
20 32
20 9
20 32
20 32
20 32
20 3
20 32
20 1
20 15
20 32
20 32
20 26
20 24
20 32
20 5
20 24
20 15
20 32
20 32
20 11
20 3
20 8
20 32
20 32
20 32
20 25
20 24
20 27
20 32
20 30
20 32
20 32
20 14
20 26
20 18
20 29
20 32
20 32
20 18
20 30
20 12
32 5
32 19
32 20
32 14
32 9
32 20
32 3
32 20
32 20
32 1
32 8
32 29
32 19
32 25
32 15
32 25
32 14
32 20
32 5
32 11
32 25
32 27
32 12
32 1
32 12
32 15
32 18
32 11
20 9
20 29
20 11
20 8
20 8
6 32
6 32
6 5
6 32
6 32
6 3
6 32
6 32
6 32
6 32
6 2
6 2
6 32
6 32
6 32
6 24
6 16
6 32
6 32
6 32
6 32
6 16
6 32
6 32
6 32
6 32
6 32
6 32
6 32
6 32
6 32
6 32
6 32
6 32
6 32
6 14
6 2
6 32
6 32
6 32
6 1
6 32
6 4
6 32
6 32
6 32
6 32
6 30
6 32
6 32
6 3
6 32
6 32
6 32
6 2
6 32
6 26
6 32
6 5
6 32
6 15
6 15
6 32
6 18
6 32
6 32
6 32
6 32
6 32
6 27
6 27
6 24
6 9
6 16
6 32
6 22
6 32
6 32
6 32
6 32
6 32
6 29
6 30
6 25
6 4
6 32
6 32
6 32
6 16
6 32
6 32
6 32
6 32
6 18
6 12
6 32
6 26
6 32
6 11
6 8
6 19
6 32
32 6
32 26
32 6
32 5
32 6
32 6
32 14
32 25
32 6
32 11
32 9
32 18
32 1
32 5
32 25
32 6
32 3
32 6
32 30
32 4
32 6
32 6
32 30
32 29
32 25
32 15
32 15
32 6
32 6
32 5
32 2
32 6
32 6
32 24
32 11
32 6
32 6
32 29
32 6
32 27
32 12
32 11
32 25
32 6
32 6
32 26
32 6
32 22
32 29
32 6
32 6
32 6
32 8
32 6
32 15
32 3
32 12
32 6
32 16
32 4
32 14
32 24
32 19
32 8
32 6
32 8
6 18
6 19
6 8
6 1
6 9
6 19
6 9
6 11
6 14
6 32
6 26
6 14
6 4
6 27
6 9
6 3
6 32
6 22
6 12
6 18
6 19
6 24
6 12
6 22
6 1
32 22
32 1
7 6
7 6
7 6
7 15
7 6
7 1
7 18
7 1
7 6
7 26
7 2
7 6
7 15
7 6
7 29
7 6
7 6
7 6
7 6
7 6
7 6
7 6
7 6
7 6
7 6
7 14
7 9
7 6
7 14
7 6
7 6
7 6
7 6
7 6
7 25
7 6
7 6
7 6
7 18
7 6
7 6
7 6
7 6
7 15
7 14
7 6
7 6
7 6
7 6
7 9
7 6
7 6
7 30
7 6
7 6
7 6
7 6
7 27
7 2
7 16
7 6
7 4
7 3
7 18
7 6
7 6
7 6
7 25
7 19
7 11
7 6
7 6
7 11
7 16
7 9
7 5
7 6
7 6
7 1
7 16
7 6
7 6
7 29
7 12
7 6
7 6
7 6
7 19
7 24
7 27
7 6
7 22
7 18
7 6
7 4
7 6
7 8
7 6
7 19
7 26
7 15
7 6
6 7
6 7
6 7
6 7
6 22
6 25
6 16
6 9
6 7
6 7
6 7
6 7
6 22
6 9
6 7
6 29
6 7
6 7
6 7
6 29
6 14
6 15
6 7
6 30
6 7
6 7
6 8
6 2
6 24
6 26
6 7
6 4
6 7
6 5
6 3
6 5
6 7
6 25
6 12
6 27
6 2
6 7
6 1
6 22
6 22
6 11
6 3
6 16
6 7
6 7
6 26
6 18
6 2
6 19
6 7
6 7
6 30
6 8
7 6
7 29
7 6
7 14
7 24
7 6
7 5
7 6
7 4
7 8
7 11
7 1
7 30
7 24
7 12
7 3
7 27
7 19
7 8
7 12
7 5
7 27
7 30
6 4
6 11
6 12
6 3
28 7
28 5
28 7
28 27
28 7
28 7
28 7
28 7
28 7
28 7
28 24
28 7
28 7
28 7
28 7
28 7
28 29
28 7
28 7
28 7
28 7
28 19
28 8
28 7
28 7
28 7
28 26
28 11
28 7
28 7
28 30
28 7
28 7
28 7
28 7
28 7
28 7
28 7
28 7
28 7
28 7
28 7
28 29
28 26
28 7
28 7
28 7
28 16
28 7
28 1
28 22
28 7
28 7
28 7
28 3
28 7
28 22
28 25
28 7
28 9
28 7
28 7
28 7
28 7
28 29
28 7
28 4
28 7
28 7
28 7
28 7
28 7
28 7
28 7
28 27
28 4
28 24
28 24
28 7
28 14
28 8
28 15
28 7
28 25
28 7
28 5
28 7
28 7
28 2
28 7
28 9
28 22
28 7
28 7
28 1
28 11
28 3
28 7
28 7
28 8
28 18
28 29
28 19
28 26
28 7
28 12
7 12
7 28
7 28
7 16
7 28
7 30
7 4
7 28
7 28
7 28
7 28
7 28
7 28
7 4
7 28
7 30
7 28
7 28
7 28
7 28
7 28
7 25
7 28
7 29
7 28
7 24
7 28
7 27
7 2
7 28
7 30
7 28
7 9
7 28
7 8
7 28
7 28
7 30
7 28
7 12
7 28
7 22
7 28
7 5
7 28
7 25
7 19
7 11
7 15
7 28
7 18
7 28
7 1
7 14
7 28
7 3
7 28
7 26
7 8
7 2
7 28
7 25
7 9
7 28
7 16
28 4
28 16
28 24
28 27
28 7
28 22
28 3
28 7
28 7
28 7
28 7
28 27
28 19
28 15
28 7
28 26
28 5
28 11
28 14
28 7
28 12
28 1
28 2
28 9
28 7
28 3
28 18
28 15
28 5
28 24
28 14
28 16
28 19
7 14
7 12
7 1
7 11
7 2
7 15
7 18
7 18
1 28
2 28
3 28
4 28
5 28
8 28
9 28
11 28
12 28
14 28
15 28
16 28
18 28
19 28
22 28
24 28
25 28
26 28
27 28
29 28
30 28
1 28
2 28
3 28
4 28
5 28
8 28
9 28
11 28
12 28
14 28
15 28
16 28
18 28
19 28
22 28
24 28
25 28
26 28
27 28
29 28
30 28
1 28
2 28
3 28
4 28
5 28
8 28
9 28
11 28
12 28
14 28
15 28
16 28
18 28
19 28
22 28
24 28
25 28
26 28
27 28
29 28
30 28
1 28
2 28
3 28
4 28
5 28
8 28
9 28
11 28
12 28
14 28
15 28
16 28
18 28
19 28
22 28
24 28
25 28
26 28
27 28
29 28
30 28
1 28
2 28
3 28
4 28
5 28
8 28
9 28
11 28
12 28
14 28
15 28
16 28
18 28
19 28
22 28
24 28
25 28
26 28
27 28
29 28
30 28
1 28
2 28
3 28
4 28
5 28
8 28
9 28
11 28
12 28
14 28
15 28
16 28
18 28
19 28
22 28
24 28
25 28
26 28
27 28
29 28
30 28
1 28
2 28
3 28
4 28
5 28
8 28
9 28
11 28
12 28
14 28
15 28
16 28
18 28
19 28
22 28
24 28
25 28
26 28
27 28
29 28
30 28
1 28
2 28
3 28
4 28
5 28
8 28
9 28
11 28
12 28
14 28
15 28
16 28
18 28
19 28
22 28
24 28
25 28
26 28
27 28
29 28
30 28
1 28
2 28
3 28
4 28
5 28
8 28
9 28
11 28
12 28
14 28
15 28
16 28
18 28
19 28
22 28
24 28
25 28
26 28
27 28
29 28
30 28
1 28
2 28
3 28
4 28
5 28
8 28
9 28
11 28
12 28
14 28
15 28
16 28
18 28
19 28
22 28
24 28
25 28
26 28
27 28
29 28
30 28
1 28
2 28
3 28
4 28
5 28
8 28
9 28
11 28
12 28
14 28
15 28
16 28
18 28
19 28
22 28
24 28
25 28
26 28
27 28
29 28
30 28
1 28
2 28
3 28
4 28
5 28
8 28
9 28
11 28
12 28
14 28
15 28
16 28
18 28
19 28
22 28
24 28
25 28
26 28
27 28
29 28
30 28
1 28
2 28
3 28
4 28
5 28
8 28
9 28
11 28
12 28
14 28
15 28
16 28
18 28
19 28
22 28
24 28
25 28
26 28
27 28
29 28
30 28
1 28
2 28
3 28
4 28
5 28
8 28
9 28
11 28
12 28
14 28
15 28
16 28
18 28
19 28
22 28
24 28
25 28
26 28
27 28
29 28
30 28
1 28
2 28
3 28
4 28
5 28
8 28
9 28
11 28
12 28
14 28
15 28
16 28
18 28
19 28
22 28
24 28
25 28
26 28
27 28
29 28
30 28
1 28
2 28
3 28
4 28
5 28
8 28
9 28
11 28
12 28
14 28
15 28
16 28
18 28
19 28
22 28
24 28
25 28
26 28
27 28
29 28
30 28
1 28
2 28
3 28
4 28
5 28
8 28
9 28
11 28
12 28
14 28
15 28
16 28
18 28
19 28
22 28
24 28
25 28
26 28
27 28
29 28
30 28
1 28
2 28
3 28
4 28
5 28
8 28
9 28
11 28
12 28
14 28
15 28
16 28
18 28
19 28
22 28
24 28
25 28
26 28
27 28
29 28
30 28
1 28
2 28
3 28
4 28
5 28
8 28
9 28
11 28
12 28
14 28
15 28
16 28
18 28
19 28
22 28
24 28
25 28
26 28
27 28
29 28
30 28
1 28
2 28
3 28
4 28
5 28
8 28
9 28
11 28
12 28
14 28
15 28
16 28
18 28
19 28
22 28
24 28
25 28
26 28
27 28
29 28
30 28
1 28
2 28
3 28
4 28
5 28
8 28
9 28
11 28
12 28
14 28
15 28
16 28
18 28
19 28
22 28
24 28
25 28
26 28
27 28
29 28
30 28
1 28
2 28
3 28
4 28
5 28
8 28
9 28
11 28
12 28
14 28
15 28
16 28
18 28
19 28
22 28
24 28
25 28
26 28
27 28
29 28
30 28
1 28
2 28
3 28
4 28
5 28
8 28
9 28
11 28
12 28
14 28
15 28
16 28
18 28
19 28
22 28
24 28
25 28
26 28
27 28
29 28
30 28
1 28
2 28
3 28
4 28
5 28
8 28
9 28
11 28
12 28
14 28
15 28
16 28
18 28
19 28
22 28
24 28
25 28
26 28
27 28
29 28
30 28
1 28
2 28
3 28
4 28
5 28
8 28
9 28
11 28
12 28
14 28
15 28
16 28
18 28
19 28
22 28
24 28
25 28
26 28
27 28
29 28
30 28
1 28
2 28
3 28
4 28
5 28
8 28
9 28
11 28
12 28
14 28
15 28
16 28
18 28
19 28
22 28
24 28
25 28
26 28
27 28
29 28
30 28
1 28
2 28
3 28
4 28
5 28
8 28
9 28
11 28
12 28
14 28
15 28
16 28
18 28
19 28
22 28
24 28
25 28
26 28
27 28
29 28
30 28
1 28
2 28
3 28
4 28
5 28
8 28
9 28
11 28
12 28
14 28
15 28
16 28
18 28
19 28
22 28
24 28
25 28
26 28
27 28
29 28
30 28
1 28
2 28
3 28
4 28
5 28
8 28
9 28
11 28
12 28
14 28
15 28
16 28
18 28
19 28
22 28
24 28
25 28
26 28
27 28
29 28
30 28
1 28
2 28
3 28
4 28
5 28
8 28
9 28
11 28
12 28
14 28
15 28
16 28
18 28
19 28
22 28
24 28
25 28
26 28
27 28
29 28
30 28
1 28
2 28
3 28
4 28
5 28
8 28
9 28
11 28
12 28
14 28
15 28
16 28
18 28
19 28
22 28
24 28
25 28
26 28
27 28
29 28
30 28
1 28
2 28
3 28
4 28
5 28
8 28
9 28
11 28
12 28
14 28
15 28
16 28
18 28
19 28
22 28
24 28
25 28
26 28
27 28
29 28
30 28
1 28
2 28
3 28
4 28
5 28
8 28
9 28
11 28
12 28
14 28
15 28
16 28
18 28
19 28
22 28
24 28
25 28
26 28
27 28
29 28
30 28
1 28
2 28
3 28
4 28
5 28
8 28
9 28
11 28
12 28
14 28
15 28
16 28
18 28
19 28
22 28
24 28
25 28
26 28
27 28
29 28
30 28
1 28
2 28
3 28
4 28
5 28
8 28
9 28
11 28
12 28
14 28
15 28
16 28
18 28
19 28
22 28
24 28
25 28
26 28
27 28
29 28
30 28
1 28
2 28
3 28
4 28
5 28
8 28
9 28
11 28
12 28
14 28
15 28
16 28
18 28
19 28
22 28
24 28
25 28
26 28
27 28
29 28
30 28
1 28
2 28
3 28
4 28
5 28
8 28
9 28
11 28
12 28
14 28
15 28
16 28
18 28
19 28
22 28
24 28
25 28
26 28
27 28
29 28
30 28
1 28
2 28
3 28
4 28
5 28
8 28
9 28
11 28
12 28
14 28
15 28
16 28
18 28
19 28
22 28
24 28
25 28
26 28
27 28
29 28
30 28
1 28
2 28
3 28
4 28
5 28
8 28
9 28
11 28
12 28
14 28
15 28
16 28
18 28
19 28
22 28
24 28
25 28
26 28
27 28
29 28
30 28
1 28
2 28
3 28
4 28
5 28
8 28
9 28
11 28
12 28
14 28
15 28
16 28
18 28
19 28
22 28
24 28
25 28
26 28
27 28
29 28
30 28
1 28
2 28
3 28
4 28
5 28
8 28
9 28
11 28
12 28
14 28
15 28
16 28
18 28
19 28
22 28
24 28
25 28
26 28
27 28
29 28
30 28
1 28
2 28
3 28
4 28
5 28
8 28
9 28
11 28
12 28
14 28
15 28
16 28
18 28
19 28
22 28
24 28
25 28
26 28
27 28
29 28
30 28
1 28
2 28
3 28
4 28
5 28
8 28
9 28
11 28
12 28
14 28
15 28
16 28
18 28
19 28
22 28
24 28
25 28
26 28
27 28
29 28
30 28
1 28
2 28
3 28
4 28
5 28
8 28
9 28
11 28
12 28
14 28
15 28
16 28
18 28
19 28
22 28
24 28
25 28
26 28
27 28
29 28
30 28
1 28
2 28
3 28
4 28
5 28
8 28
9 28
11 28
12 28
14 28
15 28
16 28
18 28
19 28
22 28
24 28
25 28
26 28
27 28
29 28
30 28
1 28
2 28
3 28
4 28
5 28
8 28
9 28
11 28
12 28
14 28
15 28
16 28
18 28
19 28
22 28
24 28
25 28
26 28
27 28
29 28
30 28
1 28
2 28
3 28
4 28
5 28
8 28
9 28
11 28
12 28
14 28
15 28
16 28
18 28
19 28
22 28
24 28
25 28
26 28
27 28
29 28
30 28
1 28
2 28
3 28
4 28
5 28
8 28
9 28
11 28
12 28
14 28
15 28
16 28
18 28
19 28
22 28
24 28
25 28
26 28
27 28
29 28
30 28
1 28
2 28
3 28
4 28
5 28
8 28
9 28
11 28
12 28
14 28
15 28
16 28
18 28
19 28
22 28
24 28
