QQQQQQQQQQQQQQQQQQQQQQQQQQQQQQQQ
6818
13 19
13 19
13 19
13 19
13 19
13 19
13 19
13 19
13 19
13 19
13 19
13 19
13 19
13 19
13 19
13 19
13 19
13 19
13 19
13 19
13 19
13 19
13 19
13 19
13 19
13 19
13 19
7 19
7 19
7 19
7 19
7 19
7 19
7 19
7 19
7 19
7 19
7 19
7 19
7 19
7 19
7 19
7 19
7 19
7 19
7 19
7 19
7 19
7 19
7 19
7 19
7 19
7 19
7 19
7 19
7 19
7 19
7 19
7 19
7 19
7 19
7 19
7 19
7 19
7 19
12 19
12 19
12 19
12 19
12 19
12 19
12 19
12 19
12 19
12 19
12 19
12 19
12 19
12 19
12 19
12 19
12 19
12 19
12 19
12 19
12 19
12 19
12 19
12 19
12 19
12 19
12 19
12 19
12 19
12 19
12 19
12 19
12 19
12 19
1 19
1 7
1 7
1 19
1 12
1 7
1 12
1 19
1 19
1 7
1 12
1 7
1 19
1 12
1 12
1 7
1 12
1 7
1 19
1 7
1 19
1 12
1 12
1 7
1 12
1 7
1 7
1 7
1 19
2 19
2 7
2 19
2 12
2 12
2 12
2 12
2 19
2 12
2 12
2 19
2 12
2 12
2 12
2 12
2 7
2 19
2 7
2 12
2 7
2 12
2 12
2 7
2 12
2 19
2 12
2 19
2 7
2 19
2 12
3 19
3 12
3 7
3 19
3 19
3 19
3 19
3 19
3 19
3 19
3 7
3 19
3 12
3 12
3 7
3 12
3 19
3 19
3 7
3 12
3 7
3 7
3 7
3 7
3 19
3 7
3 12
3 7
3 19
3 19
3 12
3 12
3 7
3 12
3 12
3 7
3 12
3 19
3 12
4 19
4 7
4 7
4 12
4 12
4 12
4 19
4 7
4 12
4 7
4 12
4 7
4 12
4 7
4 7
4 19
4 19
4 19
4 12
4 12
4 7
4 12
4 7
4 19
4 12
4 19
4 7
4 19
4 19
4 19
4 12
5 19
5 7
5 12
5 7
5 12
5 12
5 12
5 7
5 7
5 19
5 12
5 12
5 12
5 7
5 12
5 12
5 7
5 12
5 7
5 7
5 12
5 19
5 12
5 12
5 19
5 19
5 7
6 12
6 12
6 12
6 7
6 7
6 12
6 19
6 7
6 19
6 7
6 19
6 7
6 19
6 12
6 12
6 7
6 19
6 7
6 12
6 7
6 7
6 12
6 12
6 19
6 19
6 19
6 12
6 12
6 12
6 19
6 12
6 12
6 19
6 7
8 19
8 7
8 19
8 7
8 19
8 19
8 12
8 12
8 19
8 19
8 7
8 12
8 7
8 7
8 12
8 12
8 12
8 12
8 7
8 12
8 12
8 12
8 19
8 19
8 19
8 7
8 19
8 19
8 7
9 12
9 12
9 19
9 7
9 7
9 19
9 12
9 19
9 12
9 19
9 19
9 19
9 7
9 7
9 7
9 19
9 19
9 12
9 19
9 12
9 7
9 12
9 19
9 12
9 19
9 19
10 12
10 12
10 12
10 7
10 12
10 19
10 7
10 19
10 19
10 19
10 19
10 7
10 19
10 7
10 12
10 19
10 19
10 19
10 7
10 12
10 12
10 12
10 19
10 7
10 12
10 7
10 12
10 19
10 12
10 19
10 7
10 7
10 19
10 7
10 7
10 12
10 7
11 12
11 19
11 7
11 19
11 12
11 7
11 7
11 7
11 7
11 12
11 19
11 12
11 12
11 12
11 12
11 7
11 12
11 7
11 7
11 19
11 12
11 7
11 19
11 19
11 19
11 19
11 12
11 7
11 12
11 12
11 12
11 19
11 12
11 19
11 12
11 19
14 12
14 7
14 19
14 19
14 19
14 7
14 19
14 7
14 19
14 12
14 19
14 19
14 7
14 19
14 12
14 12
14 7
14 12
14 12
14 19
14 7
14 7
14 7
14 19
14 12
14 7
14 12
14 7
14 7
14 7
14 7
14 12
14 12
14 12
15 7
15 19
15 12
15 12
15 12
15 19
15 7
15 19
15 7
15 7
15 7
15 12
15 12
15 7
15 19
15 7
15 12
15 12
15 12
15 12
15 7
15 19
15 12
15 12
15 7
15 12
16 7
16 7
16 7
16 19
16 7
16 12
16 19
16 19
16 19
16 7
16 19
16 7
16 12
16 12
16 19
16 7
16 12
16 7
16 12
16 19
16 19
16 19
16 19
16 7
16 12
16 7
16 19
16 19
16 19
16 19
16 12
16 7
17 7
17 7
17 12
17 12
17 19
17 19
17 7
17 12
17 12
17 19
17 19
17 12
17 12
17 12
17 19
17 19
17 19
17 7
17 7
17 19
17 7
17 7
17 19
17 12
17 12
17 19
17 12
17 12
17 7
17 7
17 12
17 12
17 19
18 12
18 19
18 12
18 7
18 7
18 7
18 12
18 7
18 19
18 12
18 19
18 12
18 7
18 19
18 19
18 7
18 7
18 12
18 12
18 12
18 7
18 7
18 7
18 19
18 12
18 7
18 12
18 19
18 7
18 12
18 12
18 19
18 7
18 19
18 7
18 12
20 7
20 7
20 12
20 12
20 19
20 7
20 12
20 12
20 19
20 12
20 12
20 19
20 19
20 7
20 12
20 12
20 12
20 12
20 7
20 7
20 7
20 19
20 7
20 19
20 19
20 12
20 12
20 19
20 12
20 19
20 19
20 7
20 7
20 19
20 12
20 7
20 12
20 19
21 19
21 19
21 7
21 19
21 19
21 12
21 7
21 12
21 19
21 19
21 12
21 7
21 7
21 12
21 19
21 12
21 19
21 19
21 19
21 19
21 12
21 19
21 19
21 12
21 7
21 12
21 7
21 12
21 12
21 12
21 19
21 19
21 7
21 7
21 12
21 7
21 19
21 12
21 12
21 12
21 19
21 19
21 12
21 12
22 7
22 19
22 19
22 19
22 19
22 19
22 19
22 12
22 19
22 19
22 12
22 19
22 7
22 7
22 12
22 19
22 19
22 7
22 7
22 12
22 12
22 7
22 7
22 7
22 7
22 12
22 12
22 7
22 7
23 7
23 7
23 19
23 19
23 12
23 12
23 12
23 7
23 19
23 7
23 12
23 7
23 19
23 19
23 19
23 7
23 19
23 12
23 19
23 19
23 19
23 12
23 12
23 19
23 19
23 12
23 19
23 19
23 7
23 19
23 12
23 19
23 7
23 7
24 19
24 7
24 19
24 12
24 19
24 19
24 12
24 12
24 19
24 7
24 12
24 7
24 12
24 19
24 7
24 12
24 12
24 7
24 12
24 19
24 7
24 7
24 7
24 7
24 19
24 7
24 12
24 7
24 19
24 12
24 7
25 7
25 19
25 12
25 12
25 7
25 19
25 7
25 19
25 19
25 19
25 19
25 12
25 12
25 12
25 12
25 19
25 19
25 19
25 7
25 7
25 19
25 7
25 7
25 12
25 12
25 12
25 19
25 19
25 7
25 19
25 12
25 12
25 19
25 7
26 7
26 12
26 7
26 19
26 19
26 7
26 19
26 19
26 12
26 7
26 7
26 7
26 12
26 12
26 12
26 7
26 7
26 7
26 12
26 12
26 12
26 19
26 12
26 12
26 12
26 7
26 19
26 19
26 7
26 7
26 7
26 7
26 7
26 12
26 12
26 12
27 7
27 19
27 19
27 12
27 7
27 19
27 19
27 12
27 19
27 7
27 7
27 12
27 12
27 19
27 19
27 12
27 19
27 7
27 19
27 19
27 7
27 12
27 12
27 7
27 12
27 7
27 7
27 12
27 19
28 12
28 7
28 12
28 7
28 12
28 7
28 19
28 7
28 12
28 12
28 19
28 7
28 12
28 7
28 7
28 7
28 12
28 19
28 19
28 19
28 7
28 7
28 7
28 12
28 19
28 19
28 19
28 7
28 19
28 19
28 7
28 7
28 19
28 19
28 12
29 12
29 7
29 19
29 19
29 19
29 7
29 19
29 12
29 7
29 7
29 7
29 12
29 7
29 12
29 12
29 7
29 7
29 19
29 7
29 7
29 19
29 19
29 12
29 7
29 12
29 7
29 7
29 7
29 7
29 19
30 19
30 12
30 12
30 19
30 12
30 19
30 19
30 7
30 19
30 7
30 12
30 7
30 19
30 7
30 12
30 12
30 12
30 19
30 19
30 7
30 12
30 7
30 12
30 12
31 12
31 19
31 19
31 7
31 19
31 19
31 12
31 19
31 12
31 12
31 12
31 12
31 7
31 7
31 7
31 7
31 19
31 12
31 7
31 19
31 19
31 7
31 7
31 19
31 12
31 12
31 12
31 7
31 7
31 12
31 12
31 19
31 7
31 19
32 12
32 7
32 7
32 7
32 19
32 19
32 12
32 7
32 7
32 7
32 19
32 7
32 7
32 19
32 12
32 19
32 12
32 19
32 12
32 12
32 19
32 7
32 19
32 19
32 19
32 7
32 7
32 12
32 7
32 12
19 13
19 13
19 13
19 13
19 13
19 13
19 13
19 13
19 13
19 13
19 14
19 13
19 13
19 13
19 13
19 13
19 13
19 13
19 13
19 31
19 13
19 13
19 13
19 13
19 13
19 13
19 13
19 13
19 13
19 13
19 13
19 13
19 13
19 13
19 13
19 13
19 13
19 13
19 13
19 13
19 13
19 13
19 13
19 13
19 13
19 13
19 13
19 13
19 13
19 13
19 13
19 13
19 13
19 13
19 13
19 13
19 13
19 13
19 13
19 13
19 27
19 13
19 13
19 13
19 13
19 13
19 13
19 13
19 13
19 13
19 13
19 13
19 13
19 13
19 13
19 13
19 13
19 13
19 13
19 13
19 13
19 13
19 13
19 13
19 13
19 13
19 13
19 13
19 13
19 13
19 13
19 13
19 13
19 13
19 13
19 13
19 13
19 13
19 13
19 13
19 13
19 13
19 13
19 13
19 13
19 13
19 13
19 13
19 13
19 13
19 13
19 13
19 13
19 13
19 13
19 13
19 13
19 13
19 5
19 13
19 13
19 13
19 13
19 13
19 13
19 13
19 25
19 13
19 13
19 13
19 13
19 13
19 13
19 13
19 13
19 13
19 13
19 13
19 13
19 9
19 13
19 13
19 11
19 13
19 13
19 13
19 13
19 13
19 13
19 13
19 22
19 13
19 13
19 13
19 13
19 13
19 13
19 13
19 18
19 13
19 13
19 13
19 13
19 13
19 13
19 13
19 13
19 13
19 13
19 13
19 8
19 13
19 13
19 8
19 13
19 13
19 13
19 13
19 13
19 13
19 13
19 13
19 13
19 13
19 13
19 13
19 13
19 13
19 13
19 13
19 13
19 13
19 13
19 13
19 13
19 13
19 13
19 13
19 27
19 13
19 13
19 13
19 13
19 13
19 13
19 13
19 18
19 13
19 13
19 13
19 14
19 13
19 13
19 30
19 13
19 13
19 3
19 13
19 13
19 13
19 13
19 13
19 13
19 27
19 13
19 13
19 13
19 13
19 13
19 13
19 13
19 13
19 13
19 13
19 13
19 13
19 13
19 13
19 13
19 23
19 13
19 13
19 13
19 13
19 13
19 13
19 13
19 13
19 13
19 13
19 13
19 13
19 13
19 13
19 13
19 13
19 17
19 13
19 13
19 13
19 13
19 10
19 13
19 13
19 13
19 13
19 13
19 1
19 13
19 13
19 13
19 13
19 24
19 13
19 13
19 13
19 13
19 18
19 13
19 13
19 13
19 13
19 13
19 13
19 13
19 13
19 13
19 13
19 8
19 11
19 13
19 13
19 13
19 31
19 13
19 13
19 13
19 13
19 13
19 13
19 13
19 4
19 13
19 13
19 13
19 13
19 13
19 13
19 13
19 13
19 6
19 27
19 29
19 13
19 13
19 13
19 13
19 6
19 13
19 26
19 13
19 13
19 13
19 13
19 13
19 15
19 13
19 13
19 13
19 13
19 17
19 21
19 13
19 24
19 13
19 13
19 13
19 25
19 13
19 13
19 13
19 13
19 13
19 13
19 13
19 13
19 1
19 13
19 13
19 13
19 2
19 13
19 13
19 13
19 13
19 13
19 13
19 13
19 13
19 13
19 13
19 13
19 22
19 13
19 13
19 31
19 13
19 13
19 13
19 13
19 13
19 16
19 13
19 13
19 13
19 13
19 13
19 3
19 13
19 13
19 13
19 13
19 13
19 28
19 13
19 32
19 13
19 13
19 13
19 13
19 8
19 13
19 13
19 13
19 5
19 13
19 13
19 13
19 13
19 13
19 13
19 13
19 28
19 11
19 13
19 13
19 13
19 20
19 13
19 13
19 13
19 27
19 13
19 13
19 13
19 13
13 9
13 19
13 19
13 19
13 19
13 19
13 19
13 19
13 19
13 19
13 19
13 19
13 19
13 19
13 19
13 19
13 19
13 28
13 19
13 19
13 19
13 19
13 19
13 19
13 19
13 19
13 19
13 19
13 19
13 19
13 19
13 19
13 19
13 19
13 19
13 19
13 19
13 19
13 19
13 19
13 19
13 19
13 19
13 19
13 19
13 19
13 19
13 19
13 19
13 19
13 19
13 19
13 19
13 19
13 19
13 19
13 19
13 19
13 19
13 19
13 19
13 19
13 19
13 19
13 19
13 19
13 19
13 19
13 19
13 19
13 19
13 19
13 19
13 19
13 19
13 19
13 19
13 19
13 19
13 19
13 19
13 19
13 19
13 1
13 19
13 19
13 19
13 19
13 19
13 19
13 19
13 19
13 19
13 19
13 19
13 19
13 19
13 19
13 19
13 19
13 19
13 19
13 19
13 19
13 19
13 19
13 19
13 19
13 19
13 19
13 19
13 19
13 19
13 19
13 21
13 31
13 19
13 19
13 19
13 19
13 25
13 19
13 19
13 6
13 19
13 19
13 19
13 19
13 19
13 19
13 19
13 19
13 19
13 19
13 19
13 9
13 19
13 19
13 8
13 19
13 19
13 19
13 10
13 30
13 19
13 19
13 3
13 19
13 19
13 19
13 19
13 19
13 19
13 19
13 19
13 19
13 19
13 19
13 19
13 19
13 19
13 19
13 8
13 19
13 19
13 22
13 19
13 19
13 15
13 16
13 19
13 19
13 19
13 18
13 18
13 19
13 14
13 19
13 19
13 19
13 19
13 19
13 19
13 19
13 19
13 19
13 19
13 19
13 19
13 19
13 19
13 19
13 19
13 9
13 19
13 19
13 19
13 19
13 19
13 19
13 19
13 19
13 19
13 19
13 19
13 19
13 5
13 19
13 19
13 23
13 19
13 32
13 21
13 19
13 19
13 19
13 19
13 19
13 19
13 19
13 19
13 19
13 19
13 19
13 19
13 2
13 27
13 19
13 19
13 19
13 19
13 19
13 19
13 19
13 19
13 19
13 19
13 16
13 29
13 19
13 19
13 19
13 19
13 17
13 19
13 17
13 19
13 19
13 19
13 19
13 19
13 17
13 14
13 26
13 19
13 19
13 19
13 18
13 19
13 4
13 19
13 19
13 19
13 19
13 24
13 19
13 19
13 19
13 11
13 20
13 19
13 19
13 19
13 19
13 19
13 19
13 1
13 17
13 23
13 19
13 15
13 19
13 19
13 19
13 19
13 19
13 19
13 18
13 19
13 19
13 19
13 19
13 19
13 19
13 19
13 3
13 19
13 27
13 19
13 19
13 19
13 19
13 5
13 30
13 19
13 19
13 19
13 19
13 19
13 19
13 19
13 19
13 19
13 19
13 19
13 19
13 19
13 19
13 19
13 19
13 19
13 19
13 19
13 19
13 19
13 24
13 19
13 19
13 19
13 19
13 19
13 6
13 19
13 19
13 19
13 19
13 10
13 19
13 19
13 19
13 19
13 19
13 2
13 19
13 8
13 19
13 19
13 1
13 19
13 19
13 19
13 19
13 19
13 19
13 19
13 19
13 19
13 19
13 19
13 19
13 19
13 19
13 19
13 19
13 19
19 13
19 13
19 13
19 25
19 13
19 13
19 13
19 13
19 30
19 13
19 13
19 13
19 13
19 13
19 26
19 28
19 13
19 13
19 11
19 13
19 13
19 13
19 13
19 13
19 13
19 13
19 13
19 13
19 13
19 13
19 13
19 13
19 13
19 13
19 13
19 13
19 13
19 13
19 13
19 13
19 13
19 13
19 4
19 13
19 13
19 13
19 8
19 13
19 13
19 13
19 13
19 13
19 15
19 13
19 13
19 13
19 13
19 13
19 13
19 10
19 13
19 13
19 13
19 13
19 13
19 13
19 13
19 13
19 13
19 13
19 13
19 13
19 13
19 13
19 13
19 13
19 13
19 13
19 13
19 13
19 13
19 13
19 13
19 13
19 13
19 13
19 13
19 13
19 13
19 13
19 13
19 13
19 13
19 13
19 13
19 13
19 13
19 13
19 13
19 13
19 13
19 13
19 13
19 13
19 13
19 31
19 13
19 13
19 13
19 13
19 13
19 13
19 13
19 13
19 21
19 22
19 13
19 13
19 10
19 13
19 5
19 13
19 13
19 13
19 28
19 13
19 13
19 13
19 13
19 13
19 13
19 14
19 21
19 13
19 13
19 13
19 13
19 13
19 13
19 13
19 13
19 13
19 13
19 9
19 13
19 13
19 13
19 13
19 13
19 13
19 13
19 13
19 13
19 13
19 13
19 13
19 6
19 13
19 13
19 13
19 13
19 13
19 13
19 3
19 13
19 13
19 27
19 13
19 13
19 13
19 29
19 13
19 13
19 13
19 22
19 13
19 13
19 13
19 25
19 13
19 29
19 13
19 13
19 32
19 16
19 23
19 13
19 13
19 13
19 13
19 13
19 13
19 31
19 13
19 13
19 13
19 13
19 13
19 13
19 30
19 13
19 13
19 13
19 13
19 24
19 20
19 4
19 26
19 13
19 13
19 13
19 13
19 13
19 13
19 17
19 13
19 13
19 13
19 13
19 13
19 13
19 13
19 18
19 13
19 13
19 23
19 13
19 13
19 13
19 16
19 13
19 13
19 13
19 13
19 21
19 13
19 11
19 13
19 13
19 13
19 13
19 1
19 13
19 13
19 13
19 13
19 13
19 13
19 13
19 13
19 13
19 2
19 13
19 13
19 13
19 13
19 13
19 13
19 13
19 13
19 13
19 13
19 13
19 13
19 26
19 13
19 10
19 6
19 13
19 13
19 13
19 13
19 29
19 13
19 13
19 27
19 14
19 13
19 13
19 13
19 13
19 5
19 13
19 13
19 13
19 13
19 13
19 30
19 13
19 8
19 13
19 11
19 23
19 13
19 13
19 13
19 13
19 15
19 13
19 13
19 13
19 13
19 13
19 27
19 13
19 13
19 13
19 13
19 13
19 13
19 13
19 13
13 19
13 19
13 19
13 19
13 19
13 19
13 19
13 19
13 19
13 22
13 28
13 19
13 19
13 19
13 19
13 19
13 19
13 19
13 19
13 19
13 19
13 19
13 19
13 19
13 19
13 19
13 19
13 19
13 19
13 19
13 19
13 19
13 19
13 19
13 19
13 19
13 19
13 19
13 19
13 19
13 19
13 19
13 19
13 19
13 19
13 19
13 19
13 19
13 19
13 19
13 19
13 19
13 19
13 19
13 19
13 19
13 19
13 19
13 19
13 19
13 19
13 9
13 19
13 19
13 19
13 19
13 19
13 19
13 19
13 32
13 19
13 19
13 19
13 19
13 4
13 19
13 19
13 19
13 19
13 21
13 19
13 19
13 19
13 19
13 19
13 19
13 19
13 19
13 19
13 19
13 19
13 19
13 30
13 19
13 19
13 19
13 19
13 19
13 19
13 19
13 19
13 19
13 19
13 24
13 19
13 19
13 17
13 19
13 26
13 19
13 3
13 8
13 19
13 19
13 19
13 19
13 19
13 19
13 19
13 19
13 19
13 19
13 25
13 19
13 18
13 19
13 19
13 19
13 19
13 19
13 19
13 31
13 19
13 29
13 19
13 19
13 19
13 19
13 19
13 23
13 19
13 19
13 19
13 19
13 19
13 1
13 19
13 19
13 19
13 19
13 19
13 23
13 19
13 19
13 2
13 16
13 19
13 19
13 19
13 27
13 20
13 19
13 19
13 31
13 19
13 19
13 19
13 19
13 22
13 4
13 19
13 19
13 26
13 19
13 2
13 19
13 19
13 19
13 16
13 19
13 29
13 11
13 19
13 19
13 5
13 25
13 14
13 20
13 8
13 19
13 6
13 5
13 8
13 28
13 19
13 5
13 15
13 19
13 19
13 19
13 19
13 19
13 10
13 11
13 19
13 19
13 2
13 19
13 5
13 19
13 19
13 19
13 23
13 19
13 19
13 6
13 19
13 17
13 30
13 19
13 19
13 19
13 19
13 22
13 19
13 21
13 19
13 19
13 22
13 19
13 19
13 23
13 19
13 19
13 19
13 19
13 19
13 24
13 19
13 19
13 19
13 19
13 19
13 19
13 32
13 19
13 19
13 19
13 1
13 19
13 28
13 3
13 9
13 30
13 20
13 19
13 19
19 13
19 13
19 13
19 13
19 13
19 13
19 13
19 13
19 13
19 13
19 13
19 13
19 13
19 13
19 13
19 13
19 13
19 13
19 13
19 13
19 13
19 13
19 13
19 13
19 13
19 13
19 13
19 13
19 29
19 13
19 13
19 13
19 13
19 13
19 13
19 13
19 13
19 13
19 16
19 13
19 9
19 13
19 13
19 13
19 13
19 13
19 13
19 13
19 13
19 13
19 13
19 13
19 13
19 13
19 13
19 13
19 13
19 13
19 23
19 13
19 18
19 13
19 13
19 13
19 13
19 13
19 13
19 13
19 13
19 13
19 13
19 13
19 13
19 13
19 13
19 24
19 13
19 13
19 13
19 13
19 13
19 13
19 13
19 13
19 13
19 13
19 13
19 13
19 13
19 13
19 13
19 13
19 13
19 13
19 14
19 13
19 17
19 13
19 13
19 13
19 13
19 32
19 13
19 28
19 10
19 5
19 13
19 24
19 13
19 13
19 13
19 31
19 13
19 16
19 26
19 18
19 9
19 13
19 13
19 22
19 13
19 23
19 13
19 13
19 31
19 13
19 13
19 13
19 13
19 32
19 29
19 27
19 2
19 13
19 15
19 13
19 4
19 13
19 25
19 13
19 13
19 13
19 13
19 13
19 13
19 1
19 26
19 10
19 13
19 13
19 3
19 6
19 13
19 13
19 20
19 16
19 11
19 13
19 4
19 13
19 13
19 13
19 13
19 13
19 13
19 13
19 18
19 13
19 13
19 13
19 21
19 13
19 2
19 31
19 13
19 14
19 13
19 1
19 13
19 13
19 13
19 20
19 13
19 17
19 9
19 13
19 13
19 13
19 13
19 30
19 22
19 10
19 13
19 31
19 13
13 19
13 19
13 19
13 19
13 19
13 19
13 19
13 19
13 19
13 19
13 17
13 19
13 19
13 19
13 19
13 19
13 3
13 19
13 19
13 19
13 19
13 19
13 19
13 19
13 19
13 19
13 19
13 19
13 19
13 19
13 19
13 19
13 19
13 19
13 19
13 19
13 19
13 19
13 28
13 19
13 19
13 19
13 19
13 19
13 19
13 19
13 19
13 19
13 19
13 19
13 19
13 19
13 11
13 19
13 19
13 19
13 19
13 19
13 19
13 19
13 19
13 19
13 19
13 9
13 19
13 19
13 19
13 19
13 19
13 19
13 19
13 19
13 19
13 19
13 19
13 19
13 19
13 19
13 19
13 19
13 19
13 19
13 19
13 19
13 19
13 19
13 19
13 19
13 21
13 19
13 5
13 25
13 15
13 24
13 19
13 29
13 19
13 19
13 15
13 26
13 19
13 19
13 32
13 24
13 19
13 4
13 19
13 21
13 30
13 22
13 16
13 26
13 19
13 28
13 19
13 6
13 19
13 28
13 1
13 2
13 25
13 19
13 19
13 19
13 19
13 19
13 19
13 32
13 9
13 6
13 5
13 20
13 19
13 14
13 10
13 19
13 3
13 26
13 15
13 4
13 19
13 19
13 30
13 16
13 19
19 13
19 13
19 11
19 13
19 13
19 13
19 13
19 13
19 13
19 13
19 13
19 14
19 13
19 13
19 13
19 13
19 13
19 13
19 13
19 13
19 13
19 25
19 13
19 13
19 13
19 29
19 13
19 13
19 13
19 13
19 13
19 13
19 13
19 13
19 13
19 13
19 13
19 13
19 13
19 13
19 13
19 4
19 13
19 13
19 13
19 13
19 13
19 13
19 13
19 13
19 13
19 9
19 13
19 13
19 13
19 13
19 13
19 13
19 13
19 13
19 13
19 13
19 13
19 13
19 1
19 13
19 13
19 13
19 13
19 13
19 13
19 13
19 13
19 13
19 13
19 21
19 13
19 13
19 13
19 13
19 13
19 13
19 13
19 4
19 2
19 1
19 6
19 25
19 24
19 4
19 29
19 15
19 14
19 32
19 20
19 13
19 3
19 15
19 13
19 3
19 10
19 2
19 2
19 3
19 32
13 19
13 19
13 19
13 19
13 19
13 19
13 19
13 19
13 19
13 19
13 19
13 19
13 19
13 19
13 19
13 19
13 19
13 19
13 19
13 19
13 15
13 19
13 19
13 19
13 19
13 19
13 19
13 19
13 19
13 19
13 19
13 19
13 19
13 19
13 19
13 19
13 19
13 19
13 19
13 19
13 19
13 19
13 19
13 19
13 19
13 19
13 19
13 19
13 19
13 19
13 19
13 19
13 19
13 19
13 19
13 19
13 19
13 19
13 19
13 19
13 19
13 19
13 19
13 19
13 20
13 19
13 19
13 19
13 19
13 19
13 19
13 19
13 19
13 19
13 19
13 32
13 20
19 13
19 13
19 13
19 13
19 13
19 13
19 13
19 13
19 13
19 13
19 13
19 13
19 13
19 13
19 13
19 13
19 13
19 13
19 13
19 13
19 13
19 13
19 13
19 13
19 13
19 13
19 13
19 13
19 13
19 13
19 13
19 13
19 13
19 13
19 13
19 13
19 13
19 13
19 13
19 13
19 13
19 13
19 13
19 13
19 13
19 13
19 13
19 13
19 13
19 13
19 13
19 13
19 13
19 13
19 13
19 13
19 13
19 13
19 13
19 13
19 13
19 13
19 13
19 13
19 13
19 13
19 13
19 13
19 13
19 13
19 13
19 13
19 13
13 7
13 7
13 7
13 7
13 7
13 7
13 7
13 7
13 7
13 7
13 7
13 7
13 7
13 7
13 7
13 7
13 7
13 7
13 7
13 7
13 7
13 7
13 7
13 7
13 7
13 7
13 7
13 7
13 7
13 7
13 7
13 7
13 7
13 7
13 7
13 7
13 7
13 7
13 7
13 7
13 7
13 7
13 7
13 7
13 7
13 7
13 7
13 7
13 7
13 7
13 7
13 7
13 7
13 7
13 7
13 7
13 7
13 7
13 7
13 7
13 7
13 7
13 7
13 7
13 7
13 7
13 7
13 7
13 7
13 7
13 7
13 7
13 7
7 19
7 19
7 19
7 19
7 19
7 19
7 19
7 19
7 19
7 19
7 8
7 19
7 19
7 19
7 19
7 2
7 19
7 19
7 19
7 23
7 19
7 19
7 19
7 20
7 19
7 19
7 19
7 19
7 19
7 5
7 19
7 19
7 19
7 26
7 19
7 19
7 19
7 19
7 19
7 19
7 19
7 19
7 19
7 19
7 19
7 1
7 19
7 19
7 19
7 19
7 19
7 19
7 19
7 19
7 19
7 19
7 19
7 19
7 19
7 8
7 19
7 19
7 19
7 19
7 19
7 19
7 19
7 30
7 19
7 19
7 19
7 19
7 19
7 19
7 19
7 19
7 28
7 19
7 19
7 19
7 19
7 6
7 19
7 19
7 19
7 19
7 19
7 19
7 4
7 19
7 6
7 19
7 19
7 19
7 19
7 19
7 19
7 19
7 19
7 21
7 19
7 19
7 19
7 19
7 19
7 19
7 19
7 19
7 19
7 19
7 17
7 19
7 19
7 19
7 19
7 19
7 19
7 19
7 19
7 3
7 19
7 19
7 19
7 19
7 19
7 19
7 19
7 19
7 19
7 19
7 19
7 19
7 19
7 19
7 4
7 19
7 19
7 5
7 19
7 19
7 19
7 19
7 19
7 19
7 8
7 19
7 19
7 19
7 19
7 19
7 19
7 27
7 19
7 19
7 19
7 19
7 19
7 19
7 19
7 18
7 25
7 19
7 19
7 19
7 19
7 19
7 14
7 19
7 19
7 19
7 19
7 19
7 19
7 14
7 19
7 19
7 19
7 19
7 19
7 19
7 19
7 19
7 19
7 19
7 19
7 18
7 19
7 19
7 19
7 19
7 19
7 19
7 19
7 19
7 19
7 19
7 19
7 11
7 19
7 19
7 5
7 18
7 19
7 19
7 17
7 19
7 19
7 19
7 19
7 19
7 19
7 15
7 19
7 19
7 19
7 19
7 19
7 19
7 19
7 19
7 29
7 19
7 1
7 19
7 24
7 15
7 19
7 32
7 19
7 10
7 19
7 19
7 19
7 19
7 19
7 19
7 19
7 19
7 19
7 19
7 19
7 19
7 19
7 19
7 19
7 19
7 19
7 19
7 19
7 16
7 19
7 19
7 2
7 19
7 19
7 19
7 19
7 19
7 19
7 19
7 19
7 16
7 19
7 19
7 19
7 19
7 31
7 19
7 9
7 19
7 19
7 32
7 19
7 19
7 22
7 19
7 19
7 19
7 4
7 19
7 19
7 19
7 23
7 19
7 19
7 19
7 6
7 19
7 19
7 19
7 19
7 19
7 19
7 19
7 19
7 19
7 19
7 19
7 19
7 19
7 19
7 19
7 19
7 19
7 19
7 19
7 19
7 19
7 19
7 19
7 19
7 19
7 19
7 19
7 18
7 19
7 19
7 19
7 19
7 19
7 19
7 26
7 19
7 19
7 19
7 19
7 19
7 19
7 19
7 19
7 19
7 19
7 19
7 19
7 19
7 19
7 19
7 19
7 19
7 19
7 19
7 20
7 19
7 22
7 19
7 19
7 19
7 19
7 17
7 19
7 19
7 19
7 22
7 19
7 25
7 19
7 19
7 19
7 19
7 19
7 19
7 19
7 19
7 19
7 19
7 19
7 19
19 16
19 7
19 7
19 7
19 7
19 7
19 30
19 7
19 7
19 7
19 7
19 24
19 7
19 7
19 7
19 7
19 7
19 7
19 7
19 7
19 16
19 7
19 7
19 7
19 7
19 7
19 22
19 7
19 28
19 7
19 7
19 7
19 27
19 7
19 7
19 9
19 7
19 7
19 7
19 7
19 7
19 7
19 7
19 7
19 7
19 7
19 7
19 7
19 7
19 7
19 7
19 7
19 7
19 10
19 3
19 7
19 7
19 25
19 7
19 7
19 3
19 7
19 29
19 7
19 7
19 7
19 21
19 7
19 7
19 7
19 7
19 17
19 7
19 7
19 7
19 7
19 17
19 14
19 7
19 7
19 7
19 7
19 7
19 7
19 7
19 1
19 7
19 6
19 7
19 7
19 8
19 7
19 7
19 7
19 7
19 7
19 7
19 7
19 7
19 7
19 7
19 7
19 7
19 7
19 7
19 7
19 7
19 7
19 7
19 7
19 7
19 2
19 7
19 7
19 7
19 7
19 7
19 7
19 7
19 7
19 5
19 11
19 7
19 7
19 7
19 7
19 7
19 29
19 31
19 7
19 7
19 15
19 7
19 7
19 7
19 7
19 7
19 7
19 7
19 7
19 7
19 7
19 32
19 7
19 7
19 7
19 7
19 7
19 7
19 7
19 7
19 16
19 7
19 7
19 7
19 7
19 7
19 7
19 7
19 10
19 7
19 7
19 7
19 7
19 7
19 4
19 30
19 7
19 7
19 1
19 7
19 7
19 7
19 7
19 7
19 7
19 7
19 21
19 7
19 7
19 7
19 7
19 7
19 20
19 7
19 7
19 22
19 7
19 7
19 7
19 7
19 7
19 7
19 7
19 7
19 7
19 7
19 7
19 7
19 7
19 7
19 26
19 7
19 5
19 7
19 7
19 7
19 7
19 7
19 27
19 11
19 7
19 7
19 7
19 7
19 7
19 7
19 7
19 25
19 7
19 7
19 7
19 7
19 24
19 7
19 7
19 23
19 7
19 7
19 7
19 7
19 7
19 7
19 7
19 7
19 7
19 28
19 24
19 7
19 31
19 7
19 7
19 7
19 7
19 7
19 7
19 7
19 7
19 7
19 3
19 7
19 7
19 7
19 18
19 7
19 7
19 7
19 7
19 7
19 7
19 7
19 7
19 7
19 7
19 11
19 7
19 7
19 7
19 7
19 7
19 7
19 7
19 7
19 7
19 7
19 7
19 7
19 7
19 4
19 7
19 7
19 7
19 24
19 7
19 7
19 7
19 7
19 7
19 7
19 7
19 7
19 7
19 7
19 15
19 7
19 7
19 7
19 7
19 7
19 7
19 7
19 7
19 7
19 7
19 28
19 7
19 7
19 7
19 7
19 6
19 7
19 7
19 7
19 7
7 19
7 14
7 29
7 19
7 9
7 19
7 19
7 17
7 19
7 19
7 19
7 19
7 17
7 19
7 30
7 19
7 19
7 19
7 8
7 19
7 19
7 19
7 19
7 19
7 5
7 19
7 19
7 19
7 2
7 19
7 19
7 19
7 19
7 19
7 19
7 19
7 19
7 19
7 19
7 19
7 16
7 31
7 19
7 19
7 19
7 19
7 19
7 19
7 26
7 19
7 19
7 19
7 19
7 19
7 14
7 32
7 19
7 19
7 19
7 19
7 19
7 19
7 19
7 9
7 19
7 19
7 22
7 19
7 19
7 19
7 19
7 19
7 26
7 19
7 1
7 14
7 19
7 19
7 19
7 19
7 19
7 19
7 19
7 19
7 19
7 19
7 19
7 19
7 19
7 19
7 19
7 19
7 19
7 19
7 19
7 10
7 19
7 19
7 19
7 8
7 19
7 19
7 5
7 4
7 19
7 19
7 19
7 21
7 19
7 20
7 19
7 5
7 19
7 19
7 3
7 19
7 29
7 19
7 19
7 11
7 19
7 19
7 19
7 18
7 19
7 19
7 19
7 16
7 3
7 19
7 19
7 19
7 31
7 19
7 19
7 19
7 19
7 19
7 19
7 19
7 19
7 19
7 19
7 19
7 19
7 3
7 19
7 15
7 19
7 19
7 19
7 23
7 19
7 31
7 25
7 4
7 19
7 19
7 32
7 19
7 19
7 19
7 27
7 19
7 19
7 19
7 19
7 32
7 28
7 19
7 19
7 24
7 19
7 19
7 19
7 19
7 19
7 30
7 19
7 19
7 19
7 19
7 19
7 19
7 19
7 11
7 19
7 19
7 17
7 6
7 19
7 19
7 19
7 19
7 19
7 19
7 19
7 19
7 19
7 5
7 19
7 19
7 19
7 2
7 19
7 19
7 19
7 19
7 19
7 19
7 19
7 19
7 19
7 19
7 19
7 19
7 19
7 19
7 19
7 19
7 1
7 19
7 19
7 19
7 19
7 19
7 19
7 19
7 19
7 19
7 19
7 19
7 19
7 19
7 18
7 19
7 19
7 19
7 19
7 19
7 19
7 19
7 19
7 19
7 19
7 19
7 19
7 19
7 30
7 19
7 9
7 22
7 19
7 19
7 19
7 19
7 19
7 31
7 2
7 19
7 19
19 7
19 7
19 4
19 7
19 14
19 7
19 7
19 6
19 30
19 7
19 7
19 7
19 23
19 7
19 7
19 31
19 7
19 29
19 7
19 7
19 7
19 7
19 7
19 7
19 7
19 7
19 7
19 7
19 7
19 7
19 7
19 7
19 7
19 26
19 8
19 2
19 7
19 10
19 7
19 7
19 7
19 7
19 7
19 7
19 7
19 7
19 7
19 25
19 7
19 7
19 18
19 7
19 7
19 7
19 7
19 27
19 7
19 7
19 7
19 14
19 7
19 7
19 14
19 7
19 20
19 7
19 7
19 7
19 32
19 7
19 7
19 16
19 7
19 7
19 7
19 21
19 7
19 7
19 5
19 7
19 23
19 7
19 7
19 7
19 7
19 7
19 7
19 26
19 7
19 7
19 28
19 7
19 7
19 7
19 3
19 7
19 7
19 7
19 7
19 7
19 7
19 26
19 7
19 7
19 15
19 7
19 7
19 7
19 7
19 7
19 7
19 7
19 25
19 7
19 7
19 24
19 7
19 7
19 18
19 7
19 7
19 7
19 7
19 7
19 7
19 29
19 7
19 16
19 1
19 11
19 7
19 17
19 7
19 7
19 7
19 7
19 6
19 7
19 7
19 7
19 7
19 7
19 9
19 7
19 7
19 7
19 7
19 7
19 7
19 20
19 7
19 7
19 16
19 7
19 7
19 7
19 7
19 7
19 7
19 22
19 7
19 7
19 7
19 1
19 27
19 7
19 7
19 7
19 7
19 7
19 7
19 7
19 7
19 7
19 7
19 7
19 7
19 7
19 7
19 7
19 7
19 7
19 7
19 7
19 7
19 16
19 7
19 7
19 4
19 7
19 31
19 7
19 7
19 7
19 7
19 7
19 22
19 7
19 7
19 30
19 7
19 6
19 8
19 7
7 19
7 19
7 19
7 19
7 19
7 19
7 19
7 19
7 32
7 4
7 4
7 19
7 32
7 19
7 19
7 19
7 19
7 2
7 19
7 25
7 10
7 14
7 19
7 19
7 9
7 19
7 19
7 19
7 21
7 19
7 19
7 5
7 19
7 19
7 11
7 27
7 19
7 19
7 24
7 19
7 25
7 3
7 23
7 26
7 28
7 27
7 19
7 18
7 19
7 19
7 19
7 19
7 15
7 19
7 19
7 5
7 16
7 8
7 19
7 19
7 19
7 19
7 19
7 19
7 6
7 19
7 19
7 19
7 19
7 19
7 19
7 14
7 19
7 18
7 17
7 19
7 19
7 31
7 19
7 25
7 19
7 19
7 19
7 21
7 17
7 19
7 19
7 19
7 32
7 19
7 30
7 29
7 1
7 22
7 19
7 19
7 19
7 19
7 19
7 19
7 30
7 19
7 19
7 19
7 20
7 19
7 19
7 19
7 15
7 11
7 30
7 19
7 19
7 32
7 9
7 19
7 27
7 25
7 19
7 19
7 19
7 19
7 19
7 19
7 2
7 19
7 19
7 19
7 19
7 19
7 19
7 19
7 19
7 19
7 19
7 19
7 6
7 3
7 19
7 19
7 19
7 19
7 10
7 19
7 4
7 19
7 19
7 19
7 19
7 19
7 19
7 19
7 19
7 19
7 19
19 7
19 21
19 7
19 32
19 26
19 6
19 30
19 8
19 7
19 2
19 29
19 24
19 17
19 28
19 7
19 7
19 18
19 23
19 7
19 7
19 6
19 7
19 11
19 29
19 2
19 15
19 7
19 10
19 10
19 7
19 7
19 22
19 7
19 8
19 7
19 23
19 8
19 29
19 14
19 7
19 15
19 26
19 31
19 7
19 29
19 22
19 7
19 1
19 7
19 7
19 28
19 7
19 20
19 9
19 2
19 25
19 27
19 7
19 26
19 7
19 7
19 28
19 24
19 3
19 7
19 7
19 7
19 31
19 11
19 10
19 7
19 7
19 7
19 7
19 7
19 7
19 7
19 7
19 7
19 7
19 7
19 7
19 9
19 7
19 7
19 7
19 7
19 27
19 7
19 7
19 7
19 7
19 7
19 7
19 7
19 21
19 7
19 7
19 7
19 7
19 7
19 7
19 7
7 11
7 8
7 20
7 19
7 23
7 19
7 19
7 19
7 24
7 24
7 15
7 20
7 1
7 19
7 3
7 21
7 28
7 20
7 23
7 27
7 28
7 19
7 19
7 9
7 10
7 19
7 19
7 19
7 19
7 19
7 19
7 11
7 19
7 19
7 19
7 19
7 19
7 19
7 28
7 19
7 19
7 19
7 19
7 19
7 19
7 19
7 19
7 19
7 19
7 19
7 19
7 19
7 23
7 19
7 19
19 1
19 10
19 21
19 10
19 20
19 9
19 21
19 7
19 7
19 7
19 7
19 7
19 7
19 7
19 7
19 7
19 7
19 7
19 7
19 7
19 7
19 7
19 7
19 7
19 7
19 7
19 7
19 7
19 7
19 7
19 7
19 7
19 7
19 7
7 19
7 19
7 19
7 19
7 19
7 19
7 19
7 19
7 19
7 19
7 19
7 19
7 19
7 19
7 19
7 19
7 19
7 19
7 19
7 19
7 19
7 19
7 19
7 19
7 19
7 19
7 19
19 12
19 12
19 12
19 12
19 12
19 12
19 12
19 12
19 12
19 12
19 12
19 12
19 12
19 12
19 12
19 12
19 12
19 12
19 12
19 12
19 12
19 12
19 12
19 12
19 12
19 12
19 12
12 7
12 7
12 8
12 7
12 7
12 7
12 7
12 7
12 7
12 7
12 7
12 7
12 7
12 7
12 25
12 7
12 21
12 7
12 7
12 7
12 7
12 7
12 7
12 7
12 7
12 7
12 7
12 7
12 7
12 7
12 7
12 29
12 7
12 7
12 7
12 7
12 7
12 7
12 7
12 7
12 7
12 7
12 7
12 7
12 9
12 7
12 7
12 7
12 7
12 26
12 7
12 7
12 7
12 7
12 7
12 18
12 7
12 7
12 7
12 7
12 7
12 7
12 7
12 7
12 7
12 7
12 9
12 7
12 7
12 7
12 7
12 23
12 7
12 7
12 7
12 17
12 7
12 7
12 7
12 7
12 7
12 7
12 7
12 7
12 24
12 7
12 7
12 7
12 5
12 7
12 7
12 7
12 7
12 7
12 7
12 7
12 7
12 7
12 7
12 7
12 27
12 20
12 7
12 7
12 7
12 11
12 7
12 7
12 4
12 29
12 7
12 7
12 7
12 7
12 7
12 7
12 7
12 7
12 7
12 7
12 7
12 7
12 7
12 7
12 7
12 7
12 7
12 7
12 7
12 7
12 7
12 7
12 7
12 7
12 7
12 7
12 7
12 7
12 7
12 7
12 28
12 7
12 7
12 7
12 7
12 7
12 9
12 7
12 7
12 7
12 7
12 7
12 7
12 7
12 7
12 7
12 7
12 7
12 2
12 7
12 7
12 7
12 7
12 7
12 7
12 7
12 7
12 7
12 4
12 7
12 7
12 7
12 7
12 7
12 7
12 7
12 7
12 7
12 7
12 7
12 7
12 7
12 7
12 7
12 7
12 23
12 7
12 7
12 29
12 7
12 7
12 7
12 7
12 7
12 26
12 7
12 7
12 7
12 7
12 7
12 5
12 7
12 7
12 32
12 7
12 3
12 7
12 7
12 7
12 18
12 7
12 7
12 7
12 7
12 7
12 7
12 7
12 10
12 7
12 7
12 7
12 26
12 22
12 7
12 7
12 7
12 7
12 7
12 7
12 7
12 15
12 7
12 7
12 17
12 7
12 7
12 7
12 7
12 9
12 7
12 7
12 7
12 7
12 27
12 7
12 7
12 7
12 7
12 7
12 7
12 7
12 7
12 22
12 7
12 7
12 11
12 7
12 31
12 7
12 7
12 7
12 20
12 7
12 7
12 7
12 7
12 7
12 7
12 7
12 7
12 7
12 7
12 7
12 9
12 32
12 16
12 7
12 7
12 7
12 15
12 2
12 7
12 7
12 8
12 7
12 7
12 7
12 1
12 22
12 7
12 7
12 7
12 7
12 7
12 7
12 14
12 7
12 7
12 7
12 7
12 26
12 6
12 7
12 17
12 30
12 7
12 7
12 7
12 7
12 28
12 7
12 7
12 7
12 7
12 7
12 7
12 7
12 7
12 7
12 7
12 25
12 7
12 7
12 21
12 7
12 7
12 7
12 7
12 30
12 1
12 7
12 18
12 7
12 7
12 7
12 32
12 7
12 7
12 7
12 7
12 7
7 12
7 12
7 12
7 12
7 12
7 12
7 12
7 12
7 12
7 12
7 12
7 12
7 1
7 12
7 12
7 12
7 12
7 12
7 12
7 12
7 12
7 12
7 12
7 12
7 23
7 12
7 12
7 12
7 12
7 32
7 12
7 12
7 12
7 12
7 18
7 12
7 12
7 12
7 20
7 12
7 12
7 12
7 12
7 12
7 12
7 12
7 12
7 12
7 12
7 12
7 12
7 12
7 12
7 12
7 12
7 12
7 12
7 12
7 12
7 12
7 12
7 12
7 12
7 12
7 12
7 12
7 12
7 18
7 24
7 12
7 12
7 12
7 12
7 12
7 17
7 12
7 12
7 1
7 12
7 12
7 12
7 12
7 12
7 12
7 12
7 12
7 29
7 12
7 24
7 12
7 12
7 12
7 12
7 12
7 12
7 2
7 12
7 12
7 12
7 31
7 12
7 12
7 31
7 12
7 12
7 28
7 12
7 12
7 12
7 26
7 9
7 12
7 12
7 12
7 12
7 27
7 12
7 12
7 12
7 12
7 12
7 4
7 12
7 12
7 12
7 12
7 12
7 12
7 12
7 12
7 12
7 12
7 12
7 12
7 12
7 12
7 12
7 10
7 12
7 12
7 3
7 22
7 12
7 27
7 12
7 12
7 12
7 12
7 12
7 12
7 12
7 12
7 12
7 12
7 12
7 11
7 8
7 12
7 12
7 22
7 12
7 12
7 12
7 6
7 12
7 18
7 12
7 12
7 12
7 12
7 12
7 12
7 12
7 12
7 5
7 12
7 10
7 12
7 8
7 12
7 12
7 12
7 12
7 30
7 12
7 12
7 12
7 12
7 6
7 12
7 12
7 12
7 12
7 12
7 12
7 14
7 12
7 12
7 16
7 12
7 12
7 12
7 12
7 15
7 12
7 12
7 28
7 12
7 12
7 12
7 12
7 12
7 31
7 12
7 14
7 12
7 12
7 12
7 12
7 12
7 12
7 12
7 12
7 12
7 12
7 12
7 12
7 32
7 12
7 12
7 12
7 12
7 12
7 27
7 12
7 12
7 12
7 12
7 12
7 12
7 12
7 16
7 12
7 12
7 12
7 12
7 12
7 12
7 1
7 11
7 25
7 24
7 12
7 12
7 12
7 12
7 12
7 12
7 3
7 12
7 9
7 12
7 12
7 21
7 10
7 12
7 12
7 12
7 12
7 20
7 22
7 17
7 12
7 23
7 12
7 12
7 12
7 12
7 12
7 12
7 21
7 12
12 7
12 2
12 7
12 7
12 7
12 7
12 7
12 7
12 7
12 7
12 26
12 7
12 7
12 7
12 7
12 32
12 23
12 29
12 7
12 7
12 7
12 4
12 7
12 7
12 7
12 7
12 7
12 7
12 7
12 7
12 7
12 7
12 7
12 7
12 7
12 7
12 6
12 26
12 7
12 7
12 7
12 7
12 15
12 7
12 7
12 30
12 7
12 7
12 7
12 7
12 7
12 7
12 7
12 7
12 7
12 7
12 23
12 7
12 4
12 7
12 8
12 11
12 7
12 7
12 7
12 7
12 3
12 7
12 7
12 7
12 7
12 7
12 7
12 7
12 2
12 7
12 2
12 7
12 7
12 7
12 32
12 7
12 7
12 7
12 7
12 7
12 7
12 7
12 7
12 7
12 5
12 7
12 7
12 7
12 7
12 7
12 7
12 22
12 7
12 4
12 7
12 7
12 25
12 7
12 7
12 18
12 7
12 24
12 27
12 5
12 7
12 7
12 20
12 7
12 7
12 7
12 7
12 7
12 7
12 7
12 7
12 7
12 7
12 7
12 7
12 2
12 7
12 7
12 8
12 28
12 7
12 31
12 7
12 16
12 7
12 7
12 7
12 7
12 7
12 14
12 7
12 7
12 24
12 7
12 7
12 7
12 7
12 7
12 7
12 7
12 7
12 7
12 7
12 7
12 25
12 7
12 7
12 3
12 7
12 7
12 7
12 7
12 25
12 7
12 7
12 7
12 7
12 7
12 7
12 9
12 7
12 29
12 7
12 22
12 7
12 7
12 7
12 7
12 7
12 7
12 7
12 7
12 7
12 7
12 7
12 10
12 16
12 17
12 7
12 7
12 7
12 7
12 7
12 7
12 7
12 7
12 7
12 1
12 6
12 7
12 7
12 7
12 27
12 7
12 7
12 7
12 7
12 7
12 18
12 7
12 8
12 7
12 30
12 7
12 7
12 7
12 9
12 7
12 26
12 7
12 7
12 7
12 3
12 11
12 21
12 7
12 7
7 12
7 12
7 12
7 12
7 15
7 12
7 1
7 12
7 12
7 20
7 12
7 12
7 12
7 12
7 12
7 12
7 12
7 12
7 31
7 12
7 12
7 12
7 6
7 12
7 12
7 12
7 12
7 12
7 12
7 12
7 32
7 12
7 22
7 12
7 12
7 12
7 12
7 31
7 12
7 12
7 12
7 23
7 12
7 12
7 5
7 12
7 12
7 30
7 28
7 12
7 2
7 15
7 23
7 12
7 12
7 14
7 12
7 12
7 11
7 12
7 12
7 12
7 12
7 27
7 22
7 12
7 12
7 12
7 12
7 12
7 29
7 12
7 12
7 12
7 12
7 12
7 12
7 10
7 4
7 25
7 12
7 12
7 12
7 12
7 12
7 12
7 1
7 12
7 24
7 30
7 12
7 12
7 16
7 12
7 12
7 12
7 12
7 28
7 12
7 12
7 12
7 4
7 8
7 12
7 12
7 11
7 10
7 12
7 3
7 12
7 21
7 12
7 12
7 12
7 12
7 2
7 12
7 12
7 12
7 26
7 9
7 12
7 12
7 20
7 12
7 12
7 1
7 14
7 12
7 17
7 12
7 12
7 1
7 12
7 12
7 12
7 5
7 12
7 12
7 12
7 32
7 12
7 12
7 10
7 24
7 18
7 12
7 4
7 16
7 30
7 16
7 12
7 3
7 23
7 12
7 12
7 22
7 12
7 1
7 29
7 12
7 21
7 4
7 12
7 12
7 12
7 12
7 12
7 12
7 12
7 12
7 12
7 6
12 15
12 10
12 7
12 7
12 7
12 7
12 20
12 29
12 7
12 7
12 9
12 7
12 7
12 7
12 7
12 8
12 7
12 7
12 7
12 23
12 9
12 22
12 7
12 7
12 31
12 14
12 7
12 31
12 7
12 7
12 7
12 5
12 7
12 7
12 7
12 7
12 7
12 27
12 7
12 16
12 7
12 25
12 26
12 7
12 7
12 1
12 7
12 8
12 28
12 7
12 3
12 7
12 7
12 7
12 7
12 11
12 7
12 7
12 24
12 4
12 21
12 7
12 7
12 2
12 15
12 28
12 7
12 6
12 30
12 5
12 14
12 26
12 7
12 7
12 18
12 7
12 7
12 17
12 7
12 5
12 7
12 7
12 7
12 10
12 25
12 20
12 29
12 7
12 7
12 24
12 7
12 7
12 32
12 25
12 25
12 31
12 2
12 7
12 18
12 28
12 7
12 7
12 30
12 7
12 5
12 7
12 7
12 16
12 7
12 7
12 11
12 7
12 15
12 3
7 5
7 27
7 12
7 21
7 23
7 12
7 12
7 12
7 32
7 24
7 12
7 8
7 4
7 12
7 27
7 12
7 12
7 31
7 12
7 29
7 29
7 26
7 12
7 21
7 12
7 14
7 24
7 12
7 27
7 16
7 17
7 6
7 12
7 12
7 2
7 28
7 18
7 12
7 15
7 14
7 20
7 8
7 3
7 10
7 12
7 12
7 25
7 31
7 32
7 11
7 12
7 30
7 15
7 12
7 23
7 21
7 30
7 12
7 3
7 17
12 7
12 11
12 15
12 7
12 16
12 10
12 7
12 18
12 7
12 6
12 20
12 15
12 14
12 21
12 20
12 7
12 17
12 20
12 16
12 6
7 12
7 14
7 17
7 14
7 6
12 17
1 7
2 7
3 7
4 7
5 7
6 7
8 7
9 7
10 7
11 7
14 7
15 7
16 7
17 7
18 7
20 7
21 7
22 7
23 7
24 7
25 7
26 7
27 7
28 7
29 7
30 7
31 7
32 7
1 7
2 7
3 7
4 7
5 7
6 7
8 7
9 7
10 7
11 7
14 7
15 7
16 7
17 7
18 7
20 7
21 7
22 7
23 7
24 7
25 7
26 7
27 7
28 7
29 7
30 7
31 7
32 7
1 7
2 7
3 7
4 7
5 7
6 7
8 7
9 7
10 7
11 7
14 7
15 7
16 7
17 7
18 7
20 7
21 7
22 7
23 7
24 7
25 7
26 7
27 7
28 7
29 7
30 7
31 7
32 7
1 7
2 7
3 7
4 7
5 7
6 7
8 7
9 7
10 7
11 7
14 7
15 7
16 7
17 7
18 7
20 7
21 7
22 7
23 7
24 7
25 7
26 7
27 7
28 7
29 7
30 7
31 7
32 7
1 7
2 7
3 7
4 7
5 7
6 7
8 7
9 7
10 7
11 7
14 7
15 7
16 7
17 7
18 7
20 7
21 7
22 7
23 7
24 7
25 7
26 7
27 7
28 7
29 7
30 7
31 7
32 7
1 7
2 7
3 7
4 7
5 7
6 7
8 7
9 7
10 7
11 7
14 7
15 7
16 7
17 7
18 7
20 7
21 7
22 7
23 7
24 7
25 7
26 7
27 7
28 7
29 7
30 7
31 7
32 7
1 7
2 7
3 7
4 7
5 7
6 7
8 7
9 7
10 7
11 7
14 7
15 7
16 7
17 7
18 7
20 7
21 7
22 7
23 7
24 7
25 7
26 7
27 7
28 7
29 7
30 7
31 7
32 7
1 7
2 7
3 7
4 7
5 7
6 7
8 7
9 7
10 7
11 7
14 7
15 7
16 7
17 7
18 7
20 7
21 7
22 7
23 7
24 7
25 7
26 7
27 7
28 7
29 7
30 7
31 7
32 7
1 7
2 7
3 7
4 7
5 7
6 7
8 7
9 7
10 7
11 7
14 7
15 7
16 7
17 7
18 7
20 7
21 7
22 7
23 7
24 7
25 7
26 7
27 7
28 7
29 7
30 7
31 7
32 7
1 7
2 7
3 7
4 7
5 7
6 7
8 7
9 7
10 7
11 7
14 7
15 7
16 7
17 7
18 7
20 7
21 7
22 7
23 7
24 7
25 7
26 7
27 7
28 7
29 7
30 7
31 7
32 7
1 7
2 7
3 7
4 7
5 7
6 7
8 7
9 7
10 7
11 7
14 7
15 7
16 7
17 7
18 7
20 7
21 7
22 7
23 7
24 7
25 7
26 7
27 7
28 7
29 7
30 7
31 7
32 7
1 7
2 7
3 7
4 7
5 7
6 7
8 7
9 7
10 7
11 7
14 7
15 7
16 7
17 7
18 7
20 7
21 7
22 7
23 7
24 7
25 7
26 7
27 7
28 7
29 7
30 7
31 7
32 7
1 7
2 7
3 7
4 7
5 7
6 7
8 7
9 7
10 7
11 7
14 7
15 7
16 7
17 7
18 7
20 7
21 7
22 7
23 7
24 7
25 7
26 7
27 7
28 7
29 7
30 7
31 7
32 7
1 7
2 7
3 7
4 7
5 7
6 7
8 7
9 7
10 7
11 7
14 7
15 7
16 7
17 7
18 7
20 7
21 7
22 7
23 7
24 7
25 7
26 7
27 7
28 7
29 7
30 7
31 7
32 7
1 7
2 7
3 7
4 7
5 7
6 7
8 7
9 7
10 7
11 7
14 7
15 7
16 7
17 7
18 7
20 7
21 7
22 7
23 7
24 7
25 7
26 7
27 7
28 7
29 7
30 7
31 7
32 7
1 7
2 7
3 7
4 7
5 7
6 7
8 7
9 7
10 7
11 7
14 7
15 7
16 7
17 7
18 7
20 7
21 7
22 7
23 7
24 7
25 7
26 7
27 7
28 7
29 7
30 7
31 7
32 7
1 7
2 7
3 7
4 7
5 7
6 7
8 7
9 7
10 7
11 7
14 7
15 7
16 7
17 7
18 7
20 7
21 7
22 7
23 7
24 7
25 7
26 7
27 7
28 7
29 7
30 7
31 7
32 7
1 7
2 7
3 7
4 7
5 7
6 7
8 7
9 7
10 7
11 7
14 7
15 7
16 7
17 7
18 7
20 7
21 7
22 7
23 7
24 7
25 7
26 7
27 7
28 7
29 7
30 7
31 7
32 7
1 7
2 7
3 7
4 7
5 7
6 7
8 7
9 7
10 7
11 7
14 7
15 7
16 7
17 7
18 7
20 7
21 7
22 7
23 7
24 7
25 7
26 7
27 7
28 7
29 7
30 7
31 7
32 7
1 7
2 7
3 7
4 7
5 7
6 7
8 7
9 7
10 7
11 7
14 7
15 7
16 7
17 7
18 7
20 7
21 7
22 7
23 7
24 7
25 7
26 7
27 7
28 7
29 7
30 7
31 7
32 7
1 7
2 7
3 7
4 7
5 7
6 7
8 7
9 7
10 7
11 7
14 7
15 7
16 7
17 7
18 7
20 7
21 7
22 7
23 7
24 7
25 7
26 7
27 7
28 7
29 7
30 7
31 7
32 7
1 7
2 7
3 7
4 7
5 7
6 7
8 7
9 7
10 7
11 7
14 7
15 7
16 7
17 7
18 7
20 7
21 7
22 7
23 7
24 7
25 7
26 7
27 7
28 7
29 7
30 7
31 7
32 7
1 7
2 7
3 7
4 7
5 7
6 7
8 7
9 7
10 7
11 7
14 7
15 7
16 7
17 7
18 7
20 7
21 7
22 7
23 7
24 7
25 7
26 7
27 7
28 7
29 7
30 7
31 7
32 7
1 7
2 7
3 7
4 7
5 7
6 7
8 7
9 7
10 7
11 7
14 7
15 7
16 7
17 7
18 7
20 7
21 7
22 7
23 7
24 7
25 7
26 7
27 7
28 7
29 7
30 7
31 7
32 7
1 7
2 7
3 7
4 7
5 7
6 7
8 7
9 7
10 7
11 7
14 7
15 7
16 7
17 7
18 7
20 7
21 7
22 7
23 7
24 7
25 7
26 7
27 7
28 7
29 7
30 7
31 7
32 7
1 7
2 7
3 7
4 7
5 7
6 7
8 7
9 7
10 7
11 7
14 7
15 7
16 7
17 7
18 7
20 7
21 7
22 7
23 7
24 7
25 7
26 7
27 7
28 7
29 7
30 7
31 7
32 7
1 7
2 7
3 7
4 7
5 7
6 7
8 7
9 7
10 7
11 7
14 7
15 7
16 7
17 7
18 7
20 7
21 7
22 7
23 7
24 7
25 7
26 7
27 7
28 7
29 7
30 7
31 7
32 7
1 7
2 7
3 7
4 7
5 7
6 7
8 7
9 7
10 7
11 7
14 7
15 7
16 7
17 7
18 7
20 7
21 7
22 7
23 7
24 7
25 7
26 7
27 7
28 7
29 7
30 7
31 7
32 7
1 7
2 7
3 7
4 7
5 7
6 7
8 7
9 7
10 7
11 7
14 7
15 7
16 7
17 7
18 7
20 7
21 7
22 7
23 7
24 7
25 7
26 7
27 7
28 7
29 7
30 7
31 7
32 7
1 7
2 7
3 7
4 7
5 7
6 7
8 7
9 7
10 7
11 7
14 7
15 7
16 7
17 7
18 7
20 7
21 7
22 7
23 7
24 7
25 7
26 7
27 7
28 7
29 7
30 7
31 7
32 7
1 7
2 7
3 7
4 7
5 7
6 7
8 7
9 7
10 7
11 7
14 7
15 7
16 7
17 7
18 7
20 7
21 7
22 7
23 7
24 7
25 7
26 7
27 7
28 7
29 7
30 7
31 7
32 7
1 7
2 7
3 7
4 7
5 7
6 7
8 7
9 7
10 7
11 7
14 7
15 7
16 7
17 7
18 7
20 7
21 7
22 7
23 7
24 7
25 7
26 7
27 7
28 7
29 7
30 7
31 7
32 7
1 7
2 7
3 7
4 7
5 7
6 7
8 7
9 7
10 7
11 7
14 7
15 7
16 7
17 7
18 7
20 7
21 7
22 7
23 7
24 7
25 7
26 7
27 7
28 7
29 7
30 7
31 7
32 7
1 7
2 7
3 7
4 7
5 7
6 7
8 7
9 7
10 7
11 7
14 7
15 7
16 7
17 7
18 7
20 7
21 7
22 7
23 7
24 7
25 7
26 7
27 7
28 7
29 7
30 7
31 7
32 7
1 7
2 7
3 7
4 7
5 7
6 7
8 7
9 7
10 7
11 7
14 7
15 7
16 7
17 7
18 7
20 7
21 7
22 7
23 7
24 7
25 7
26 7
27 7
28 7
29 7
30 7
31 7
32 7
1 7
2 7
3 7
4 7
5 7
6 7
8 7
9 7
10 7
11 7
14 7
15 7
16 7
17 7
18 7
20 7
21 7
22 7
23 7
24 7
25 7
26 7
27 7
28 7
29 7
30 7
31 7
32 7
1 7
2 7
3 7
4 7
5 7
6 7
8 7
9 7
10 7
11 7
14 7
15 7
16 7
17 7
18 7
20 7
